  Generate moc_predefs.h
  Uic'ing osgqt.ui...
  Rcc'ing image.qrc...
  Moc'ing qimageviewer.h...
  Moc'ing qabout.h...
  Moc'ing osgqt.h...
  Moc'ing mytreewidget.h...
  Moc'ing mainwindow.h...
  AnimationTest.cpp
  DOFAdder.cpp
  DOFCalculation.cpp
  main.cpp
  mainwindow.cpp
  mytreewidget.cpp
  mytreewidget2.cpp
  osgqt.cpp
  qabout.cpp
  qimageviewer.cpp
  QtImage2PCL.cpp
  qtosgview.cpp
  DraggableWire.cpp
D:\my\sunxun\osgqt_zaojiayong\AnimationTest.cpp(1,1): warning C4819: 该文件包含不能在当前代码页(936)中表示的字符。请将该文件保存为 Unicode 格式以防止数据丢失
D:\my\sunxun\osgqt_zaojiayong\qimageviewer.cpp(105): warning C4715: “QImageViewer::last”: 不是所有的控件路径都返回值
  EventHandler.cpp
D:\my\sunxun\osgqt_zaojiayong\qimageviewer.cpp(146): warning C4715: “QImageViewer::next”: 不是所有的控件路径都返回值
C:\Program Files (x86)\Microsoft Visual Studio\2019\Community\VC\Tools\MSVC\14.23.28105\include\vector(1212,1): warning C4530: 使用了 C++ 异常处理程序，但未启用展开语义。请指定 /EHsc (编译源文件 DOFCalculation.cpp)
C:\Program Files (x86)\Microsoft Visual Studio\2019\Community\VC\Tools\MSVC\14.23.28105\include\vector(1202): message : 在编译 类 模板 成员函数“void std::vector<ValueT,std::allocator<_Ty>>::_Reallocate_exactly(const unsigned __int64)”时
C:\Program Files (x86)\Microsoft Visual Studio\2019\Community\VC\Tools\MSVC\14.23.28105\include\vector(1202): message :         with
C:\Program Files (x86)\Microsoft Visual Studio\2019\Community\VC\Tools\MSVC\14.23.28105\include\vector(1202): message :         [
C:\Program Files (x86)\Microsoft Visual Studio\2019\Community\VC\Tools\MSVC\14.23.28105\include\vector(1202): message :             ValueT=GLushort,
C:\Program Files (x86)\Microsoft Visual Studio\2019\Community\VC\Tools\MSVC\14.23.28105\include\vector(1202): message :             _Ty=GLushort
C:\Program Files (x86)\Microsoft Visual Studio\2019\Community\VC\Tools\MSVC\14.23.28105\include\vector(1202): message :         ] (编译源文件 DOFCalculation.cpp)
C:\Program Files (x86)\Microsoft Visual Studio\2019\Community\VC\Tools\MSVC\14.23.28105\include\vector(1262): message : 查看对正在编译的函数 模板 实例化“void std::vector<ValueT,std::allocator<_Ty>>::_Reallocate_exactly(const unsigned __int64)”的引用
C:\Program Files (x86)\Microsoft Visual Studio\2019\Community\VC\Tools\MSVC\14.23.28105\include\vector(1262): message :         with
C:\Program Files (x86)\Microsoft Visual Studio\2019\Community\VC\Tools\MSVC\14.23.28105\include\vector(1262): message :         [
C:\Program Files (x86)\Microsoft Visual Studio\2019\Community\VC\Tools\MSVC\14.23.28105\include\vector(1262): message :             ValueT=GLushort,
C:\Program Files (x86)\Microsoft Visual Studio\2019\Community\VC\Tools\MSVC\14.23.28105\include\vector(1262): message :             _Ty=GLushort
C:\Program Files (x86)\Microsoft Visual Studio\2019\Community\VC\Tools\MSVC\14.23.28105\include\vector(1262): message :         ] (编译源文件 DOFCalculation.cpp)
D:\my\sunxun\osg3.4.1\OpenSceneGraph\OpenSceneGraph-3.6.5-VC2019-64-Release\include\osg\MixinVector(32): message : 查看对正在编译的 类 模板 实例化“std::vector<ValueT,std::allocator<_Ty>>”的引用
D:\my\sunxun\osg3.4.1\OpenSceneGraph\OpenSceneGraph-3.6.5-VC2019-64-Release\include\osg\MixinVector(32): message :         with
D:\my\sunxun\osg3.4.1\OpenSceneGraph\OpenSceneGraph-3.6.5-VC2019-64-Release\include\osg\MixinVector(32): message :         [
D:\my\sunxun\osg3.4.1\OpenSceneGraph\OpenSceneGraph-3.6.5-VC2019-64-Release\include\osg\MixinVector(32): message :             ValueT=GLushort,
D:\my\sunxun\osg3.4.1\OpenSceneGraph\OpenSceneGraph-3.6.5-VC2019-64-Release\include\osg\MixinVector(32): message :             _Ty=GLushort
D:\my\sunxun\osg3.4.1\OpenSceneGraph\OpenSceneGraph-3.6.5-VC2019-64-Release\include\osg\MixinVector(32): message :         ] (编译源文件 DOFCalculation.cpp)
D:\my\sunxun\osg3.4.1\OpenSceneGraph\OpenSceneGraph-3.6.5-VC2019-64-Release\include\osg\PrimitiveSet(435): message : 查看对正在编译的 类 模板 实例化“osg::MixinVector<GLushort>”的引用 (编译源文件 DOFCalculation.cpp)
D:\my\sunxun\osgqt_zaojiayong\DOFAdder.cpp(109,65): warning C4100: “Model”: 未引用的形参
D:\my\sunxun\osgqt_zaojiayong\DOFAdder.cpp(172,69): warning C4100: “Model”: 未引用的形参
C:\Program Files (x86)\Microsoft Visual Studio\2019\Community\VC\Tools\MSVC\14.23.28105\include\ostream(288,1): warning C4530: 使用了 C++ 异常处理程序，但未启用展开语义。请指定 /EHsc (编译源文件 DOFAdder.cpp)
C:\Program Files (x86)\Microsoft Visual Studio\2019\Community\VC\Tools\MSVC\14.23.28105\include\ostream(273): message : 在编译 类 模板 成员函数“std::basic_ostream<char,std::char_traits<char>> &std::basic_ostream<char,std::char_traits<char>>::operator <<(int)”时 (编译源文件 DOFAdder.cpp)
D:\my\sunxun\osg3.4.1\OpenSceneGraph\OpenSceneGraph-3.6.5-VC2019-64-Release\include\osgDB\Serializer(55): message : 查看对正在编译的函数 模板 实例化“std::basic_ostream<char,std::char_traits<char>> &std::basic_ostream<char,std::char_traits<char>>::operator <<(int)”的引用 (编译源文件 DOFAdder.cpp)
C:\Program Files (x86)\Microsoft Visual Studio\2019\Community\VC\Tools\MSVC\14.23.28105\include\fstream(990): message : 查看对正在编译的 类 模板 实例化“std::basic_ostream<char,std::char_traits<char>>”的引用 (编译源文件 DOFAdder.cpp)
D:\my\sunxun\osg3.4.1\OpenSceneGraph\OpenSceneGraph-3.6.5-VC2019-64-Release\include\osgDB\fstream(47): message : 查看对正在编译的 类 模板 实例化“std::basic_ofstream<char,std::char_traits<char>>”的引用 (编译源文件 DOFAdder.cpp)
D:\my\sunxun\osgqt_zaojiayong\AnimationTest.cpp(40,127): warning C4100: “nodeVisitor”: 未引用的形参
D:\my\sunxun\osgqt_zaojiayong\AnimationTest.cpp(40,104): warning C4100: “obj”: 未引用的形参
D:\my\sunxun\osgqt_zaojiayong\AnimationTest.cpp(40,58): warning C4100: “ea”: 未引用的形参
C:\Program Files (x86)\Microsoft Visual Studio\2019\Community\VC\Tools\MSVC\14.23.28105\include\ostream(379,1): warning C4530: 使用了 C++ 异常处理程序，但未启用展开语义。请指定 /EHsc (编译源文件 AnimationTest.cpp)
C:\Program Files (x86)\Microsoft Visual Studio\2019\Community\VC\Tools\MSVC\14.23.28105\include\ostream(372): message : 在编译 类 模板 成员函数“std::basic_ostream<char,std::char_traits<char>> &std::basic_ostream<char,std::char_traits<char>>::operator <<(unsigned __int64)”时 (编译源文件 AnimationTest.cpp)
D:\my\sunxun\osg3.4.1\OpenSceneGraph\OpenSceneGraph-3.6.5-VC2019-64-Release\include\osgUtil\CullVisitor(469): message : 查看对正在编译的函数 模板 实例化“std::basic_ostream<char,std::char_traits<char>> &std::basic_ostream<char,std::char_traits<char>>::operator <<(unsigned __int64)”的引用 (编译源文件 AnimationTest.cpp)
C:\Program Files (x86)\Microsoft Visual Studio\2019\Community\VC\Tools\MSVC\14.23.28105\include\fstream(990): message : 查看对正在编译的 类 模板 实例化“std::basic_ostream<char,std::char_traits<char>>”的引用 (编译源文件 AnimationTest.cpp)
D:\my\sunxun\osg3.4.1\OpenSceneGraph\OpenSceneGraph-3.6.5-VC2019-64-Release\include\osgDB\fstream(47): message : 查看对正在编译的 类 模板 实例化“std::basic_ofstream<char,std::char_traits<char>>”的引用 (编译源文件 AnimationTest.cpp)
C:\Program Files (x86)\Microsoft Visual Studio\2019\Community\VC\Tools\MSVC\14.23.28105\include\vector(1212,1): warning C4530: 使用了 C++ 异常处理程序，但未启用展开语义。请指定 /EHsc (编译源文件 wireandpoint\DraggableWire.cpp)
C:\Program Files (x86)\Microsoft Visual Studio\2019\Community\VC\Tools\MSVC\14.23.28105\include\vector(1202): message : 在编译 类 模板 成员函数“void std::vector<ValueT,std::allocator<_Ty>>::_Reallocate_exactly(const unsigned __int64)”时
C:\Program Files (x86)\Microsoft Visual Studio\2019\Community\VC\Tools\MSVC\14.23.28105\include\vector(1202): message :         with
C:\Program Files (x86)\Microsoft Visual Studio\2019\Community\VC\Tools\MSVC\14.23.28105\include\vector(1202): message :         [
C:\Program Files (x86)\Microsoft Visual Studio\2019\Community\VC\Tools\MSVC\14.23.28105\include\vector(1202): message :             ValueT=GLushort,
C:\Program Files (x86)\Microsoft Visual Studio\2019\Community\VC\Tools\MSVC\14.23.28105\include\vector(1202): message :             _Ty=GLushort
C:\Program Files (x86)\Microsoft Visual Studio\2019\Community\VC\Tools\MSVC\14.23.28105\include\vector(1202): message :         ] (编译源文件 wireandpoint\DraggableWire.cpp)
C:\Program Files (x86)\Microsoft Visual Studio\2019\Community\VC\Tools\MSVC\14.23.28105\include\vector(1262): message : 查看对正在编译的函数 模板 实例化“void std::vector<ValueT,std::allocator<_Ty>>::_Reallocate_exactly(const unsigned __int64)”的引用
C:\Program Files (x86)\Microsoft Visual Studio\2019\Community\VC\Tools\MSVC\14.23.28105\include\vector(1262): message :         with
C:\Program Files (x86)\Microsoft Visual Studio\2019\Community\VC\Tools\MSVC\14.23.28105\include\vector(1262): message :         [
C:\Program Files (x86)\Microsoft Visual Studio\2019\Community\VC\Tools\MSVC\14.23.28105\include\vector(1262): message :             ValueT=GLushort,
C:\Program Files (x86)\Microsoft Visual Studio\2019\Community\VC\Tools\MSVC\14.23.28105\include\vector(1262): message :             _Ty=GLushort
C:\Program Files (x86)\Microsoft Visual Studio\2019\Community\VC\Tools\MSVC\14.23.28105\include\vector(1262): message :         ] (编译源文件 wireandpoint\DraggableWire.cpp)
D:\my\sunxun\osg3.4.1\OpenSceneGraph\OpenSceneGraph-3.6.5-VC2019-64-Release\include\osg\MixinVector(32): message : 查看对正在编译的 类 模板 实例化“std::vector<ValueT,std::allocator<_Ty>>”的引用
D:\my\sunxun\osg3.4.1\OpenSceneGraph\OpenSceneGraph-3.6.5-VC2019-64-Release\include\osg\MixinVector(32): message :         with
D:\my\sunxun\osg3.4.1\OpenSceneGraph\OpenSceneGraph-3.6.5-VC2019-64-Release\include\osg\MixinVector(32): message :         [
D:\my\sunxun\osg3.4.1\OpenSceneGraph\OpenSceneGraph-3.6.5-VC2019-64-Release\include\osg\MixinVector(32): message :             ValueT=GLushort,
D:\my\sunxun\osg3.4.1\OpenSceneGraph\OpenSceneGraph-3.6.5-VC2019-64-Release\include\osg\MixinVector(32): message :             _Ty=GLushort
D:\my\sunxun\osg3.4.1\OpenSceneGraph\OpenSceneGraph-3.6.5-VC2019-64-Release\include\osg\MixinVector(32): message :         ] (编译源文件 wireandpoint\DraggableWire.cpp)
D:\my\sunxun\osg3.4.1\OpenSceneGraph\OpenSceneGraph-3.6.5-VC2019-64-Release\include\osg\PrimitiveSet(435): message : 查看对正在编译的 类 模板 实例化“osg::MixinVector<GLushort>”的引用 (编译源文件 wireandpoint\DraggableWire.cpp)
D:\my\sunxun\osgqt_zaojiayong\qtosgview.cpp(4,116): warning C4100: “f”: 未引用的形参
D:\my\sunxun\osgqt_zaojiayong\qtosgview.cpp(4,87): warning C4100: “shareWidget”: 未引用的形参
D:\my\sunxun\osgqt_zaojiayong\qtosgview.cpp(4,59): warning C4100: “name”: 未引用的形参
D:\my\sunxun\osgqt_zaojiayong\qtosgview.cpp(4,39): warning C4100: “parent”: 未引用的形参
D:\my\sunxun\osgqt_zaojiayong\qtosgview.cpp(120,12): warning C4189: “mTime”: 局部变量已初始化但不引用
D:\my\sunxun\osgqt_zaojiayong\mainwindow.cpp(139,7): warning C4101: “proposal_type”: 未引用的局部变量
C:\Program Files (x86)\Microsoft Visual Studio\2019\Community\VC\Tools\MSVC\14.23.28105\include\ostream(379,1): warning C4530: 使用了 C++ 异常处理程序，但未启用展开语义。请指定 /EHsc (编译源文件 wireandpoint\EventHandler.cpp)
C:\Program Files (x86)\Microsoft Visual Studio\2019\Community\VC\Tools\MSVC\14.23.28105\include\ostream(372): message : 在编译 类 模板 成员函数“std::basic_ostream<char,std::char_traits<char>> &std::basic_ostream<char,std::char_traits<char>>::operator <<(unsigned __int64)”时 (编译源文件 wireandpoint\EventHandler.cpp)
D:\my\sunxun\osg3.4.1\OpenSceneGraph\OpenSceneGraph-3.6.5-VC2019-64-Release\include\osgUtil\CullVisitor(469): message : 查看对正在编译的函数 模板 实例化“std::basic_ostream<char,std::char_traits<char>> &std::basic_ostream<char,std::char_traits<char>>::operator <<(unsigned __int64)”的引用 (编译源文件 wireandpoint\EventHandler.cpp)
D:\my\sunxun\osg3.4.1\OpenSceneGraph\OpenSceneGraph-3.6.5-VC2019-64-Release\include\osgUtil\CullVisitor(469): message : 查看对正在编译的 类 模板 实例化“std::basic_ostream<char,std::char_traits<char>>”的引用 (编译源文件 wireandpoint\EventHandler.cpp)
C:\Program Files (x86)\Microsoft Visual Studio\2019\Community\VC\Tools\MSVC\14.23.28105\include\ostream(379,1): warning C4530: 使用了 C++ 异常处理程序，但未启用展开语义。请指定 /EHsc (编译源文件 qtosgview.cpp)
C:\Program Files (x86)\Microsoft Visual Studio\2019\Community\VC\Tools\MSVC\14.23.28105\include\ostream(372): message : 在编译 类 模板 成员函数“std::basic_ostream<char,std::char_traits<char>> &std::basic_ostream<char,std::char_traits<char>>::operator <<(unsigned __int64)”时 (编译源文件 qtosgview.cpp)
D:\my\sunxun\osg3.4.1\OpenSceneGraph\OpenSceneGraph-3.6.5-VC2019-64-Release\include\osgUtil\CullVisitor(469): message : 查看对正在编译的函数 模板 实例化“std::basic_ostream<char,std::char_traits<char>> &std::basic_ostream<char,std::char_traits<char>>::operator <<(unsigned __int64)”的引用 (编译源文件 qtosgview.cpp)
  LineIntersector.cpp
D:\my\sunxun\osg3.4.1\OpenSceneGraph\OpenSceneGraph-3.6.5-VC2019-64-Release\include\osgViewer\GraphicsWindow(69): message : 查看对正在编译的 类 模板 实例化“std::basic_ostream<char,std::char_traits<char>>”的引用 (编译源文件 qtosgview.cpp)
D:\MATLAB\R2017a\extern\include\mclcppclass.h(458,24): warning C4100: “num_indices”: 未引用的形参 (编译源文件 main.cpp)
D:\MATLAB\R2017a\extern\include\mclcppclass.h(462,24): warning C4100: “num_indices”: 未引用的形参 (编译源文件 main.cpp)
D:\MATLAB\R2017a\extern\include\mclcppclass.h(466,24): warning C4100: “num_indices”: 未引用的形参 (编译源文件 main.cpp)
D:\MATLAB\R2017a\extern\include\mclcppclass.h(470,24): warning C4100: “num_indices”: 未引用的形参 (编译源文件 main.cpp)
D:\MATLAB\R2017a\extern\include\mclcppclass.h(474,24): warning C4100: “num_indices”: 未引用的形参 (编译源文件 main.cpp)
D:\MATLAB\R2017a\extern\include\mclcppclass.h(478,24): warning C4100: “num_indices”: 未引用的形参 (编译源文件 main.cpp)
D:\MATLAB\R2017a\extern\include\mclcppclass.h(482,24): warning C4100: “num_indices”: 未引用的形参 (编译源文件 main.cpp)
D:\MATLAB\R2017a\extern\include\mclcppclass.h(486,24): warning C4100: “num_indices”: 未引用的形参 (编译源文件 main.cpp)
D:\MATLAB\R2017a\extern\include\mclcppclass.h(490,24): warning C4100: “num_indices”: 未引用的形参 (编译源文件 main.cpp)
D:\MATLAB\R2017a\extern\include\mclcppclass.h(494,24): warning C4100: “num_indices”: 未引用的形参 (编译源文件 main.cpp)
D:\MATLAB\R2017a\extern\include\mclcppclass.h(498,24): warning C4100: “num_indices”: 未引用的形参 (编译源文件 main.cpp)
D:\MATLAB\R2017a\extern\include\mclcppclass.h(502,24): warning C4100: “num_indices”: 未引用的形参 (编译源文件 main.cpp)
D:\MATLAB\R2017a\extern\include\mclcppclass.h(506,24): warning C4100: “num_indices”: 未引用的形参 (编译源文件 main.cpp)
D:\MATLAB\R2017a\extern\include\mclcppclass.h(510,24): warning C4100: “num_indices”: 未引用的形参 (编译源文件 main.cpp)
D:\MATLAB\R2017a\extern\include\mclcppclass.h(514,24): warning C4100: “num_indices”: 未引用的形参 (编译源文件 main.cpp)
D:\MATLAB\R2017a\extern\include\mclcppclass.h(518,24): warning C4100: “num_indices”: 未引用的形参 (编译源文件 main.cpp)
D:\MATLAB\R2017a\extern\include\mclcppclass.h(522,24): warning C4100: “num_indices”: 未引用的形参 (编译源文件 main.cpp)
D:\MATLAB\R2017a\extern\include\mclcppclass.h(526,24): warning C4100: “num_indices”: 未引用的形参 (编译源文件 main.cpp)
D:\MATLAB\R2017a\extern\include\mclcppclass.h(530,24): warning C4100: “num_indices”: 未引用的形参 (编译源文件 main.cpp)
D:\MATLAB\R2017a\extern\include\mclcppclass.h(534,24): warning C4100: “num_indices”: 未引用的形参 (编译源文件 main.cpp)
D:\MATLAB\R2017a\extern\include\mclcppclass.h(538,24): warning C4100: “num_indices”: 未引用的形参 (编译源文件 main.cpp)
D:\MATLAB\R2017a\extern\include\mclcppclass.h(542,24): warning C4100: “num_indices”: 未引用的形参 (编译源文件 main.cpp)
D:\MATLAB\R2017a\extern\include\mclcppclass.h(546,24): warning C4100: “num_indices”: 未引用的形参 (编译源文件 main.cpp)
D:\MATLAB\R2017a\extern\include\mclcppclass.h(550,24): warning C4100: “num_indices”: 未引用的形参 (编译源文件 main.cpp)
D:\MATLAB\R2017a\extern\include\mclcppclass.h(554,24): warning C4100: “num_indices”: 未引用的形参 (编译源文件 main.cpp)
D:\MATLAB\R2017a\extern\include\mclcppclass.h(558,24): warning C4100: “num_indices”: 未引用的形参 (编译源文件 main.cpp)
D:\MATLAB\R2017a\extern\include\mclcppclass.h(562,24): warning C4100: “num_indices”: 未引用的形参 (编译源文件 main.cpp)
D:\MATLAB\R2017a\extern\include\mclcppclass.h(566,24): warning C4100: “num_indices”: 未引用的形参 (编译源文件 main.cpp)
D:\MATLAB\R2017a\extern\include\mclcppclass.h(570,24): warning C4100: “num_indices”: 未引用的形参 (编译源文件 main.cpp)
D:\MATLAB\R2017a\extern\include\mclcppclass.h(574,24): warning C4100: “num_indices”: 未引用的形参 (编译源文件 main.cpp)
D:\MATLAB\R2017a\extern\include\mclcppclass.h(578,24): warning C4100: “num_indices”: 未引用的形参 (编译源文件 main.cpp)
D:\MATLAB\R2017a\extern\include\mclcppclass.h(582,24): warning C4100: “num_indices”: 未引用的形参 (编译源文件 main.cpp)
D:\MATLAB\R2017a\extern\include\mclcppclass.h(586,30): warning C4100: “num_indices”: 未引用的形参 (编译源文件 main.cpp)
D:\MATLAB\R2017a\extern\include\mclcppclass.h(590,30): warning C4100: “num_indices”: 未引用的形参 (编译源文件 main.cpp)
D:\MATLAB\R2017a\extern\include\mclcppclass.h(594,30): warning C4100: “num_indices”: 未引用的形参 (编译源文件 main.cpp)
D:\MATLAB\R2017a\extern\include\mclcppclass.h(598,30): warning C4100: “num_indices”: 未引用的形参 (编译源文件 main.cpp)
D:\MATLAB\R2017a\extern\include\mclcppclass.h(602,30): warning C4100: “num_indices”: 未引用的形参 (编译源文件 main.cpp)
D:\MATLAB\R2017a\extern\include\mclcppclass.h(606,30): warning C4100: “num_indices”: 未引用的形参 (编译源文件 main.cpp)
D:\MATLAB\R2017a\extern\include\mclcppclass.h(610,30): warning C4100: “num_indices”: 未引用的形参 (编译源文件 main.cpp)
D:\MATLAB\R2017a\extern\include\mclcppclass.h(614,30): warning C4100: “num_indices”: 未引用的形参 (编译源文件 main.cpp)
D:\MATLAB\R2017a\extern\include\mclcppclass.h(618,30): warning C4100: “num_indices”: 未引用的形参 (编译源文件 main.cpp)
D:\MATLAB\R2017a\extern\include\mclcppclass.h(622,30): warning C4100: “num_indices”: 未引用的形参 (编译源文件 main.cpp)
D:\MATLAB\R2017a\extern\include\mclcppclass.h(626,30): warning C4100: “num_indices”: 未引用的形参 (编译源文件 main.cpp)
D:\MATLAB\R2017a\extern\include\mclcppclass.h(630,30): warning C4100: “num_indices”: 未引用的形参 (编译源文件 main.cpp)
D:\MATLAB\R2017a\extern\include\mclcppclass.h(634,30): warning C4100: “num_indices”: 未引用的形参 (编译源文件 main.cpp)
D:\MATLAB\R2017a\extern\include\mclcppclass.h(638,30): warning C4100: “num_indices”: 未引用的形参 (编译源文件 main.cpp)
D:\MATLAB\R2017a\extern\include\mclcppclass.h(642,30): warning C4100: “num_indices”: 未引用的形参 (编译源文件 main.cpp)
D:\MATLAB\R2017a\extern\include\mclcppclass.h(646,30): warning C4100: “num_indices”: 未引用的形参 (编译源文件 main.cpp)
D:\MATLAB\R2017a\extern\include\mclcppclass.h(650,30): warning C4100: “num_indices”: 未引用的形参 (编译源文件 main.cpp)
D:\MATLAB\R2017a\extern\include\mclcppclass.h(654,30): warning C4100: “num_indices”: 未引用的形参 (编译源文件 main.cpp)
D:\MATLAB\R2017a\extern\include\mclcppclass.h(658,30): warning C4100: “num_indices”: 未引用的形参 (编译源文件 main.cpp)
D:\MATLAB\R2017a\extern\include\mclcppclass.h(662,30): warning C4100: “num_indices”: 未引用的形参 (编译源文件 main.cpp)
D:\MATLAB\R2017a\extern\include\mclcppclass.h(666,30): warning C4100: “num_indices”: 未引用的形参 (编译源文件 main.cpp)
D:\MATLAB\R2017a\extern\include\mclcppclass.h(670,30): warning C4100: “num_indices”: 未引用的形参 (编译源文件 main.cpp)
D:\MATLAB\R2017a\extern\include\mclcppclass.h(674,30): warning C4100: “num_indices”: 未引用的形参 (编译源文件 main.cpp)
D:\MATLAB\R2017a\extern\include\mclcppclass.h(678,30): warning C4100: “num_indices”: 未引用的形参 (编译源文件 main.cpp)
D:\MATLAB\R2017a\extern\include\mclcppclass.h(682,30): warning C4100: “num_indices”: 未引用的形参 (编译源文件 main.cpp)
D:\MATLAB\R2017a\extern\include\mclcppclass.h(686,30): warning C4100: “num_indices”: 未引用的形参 (编译源文件 main.cpp)
D:\MATLAB\R2017a\extern\include\mclcppclass.h(690,30): warning C4100: “num_indices”: 未引用的形参 (编译源文件 main.cpp)
D:\MATLAB\R2017a\extern\include\mclcppclass.h(694,30): warning C4100: “num_indices”: 未引用的形参 (编译源文件 main.cpp)
D:\MATLAB\R2017a\extern\include\mclcppclass.h(698,30): warning C4100: “num_indices”: 未引用的形参 (编译源文件 main.cpp)
D:\MATLAB\R2017a\extern\include\mclcppclass.h(702,30): warning C4100: “num_indices”: 未引用的形参 (编译源文件 main.cpp)
D:\MATLAB\R2017a\extern\include\mclcppclass.h(706,30): warning C4100: “num_indices”: 未引用的形参 (编译源文件 main.cpp)
D:\MATLAB\R2017a\extern\include\mclcppclass.h(710,30): warning C4100: “num_indices”: 未引用的形参 (编译源文件 main.cpp)
D:\MATLAB\R2017a\extern\include\mclcppclass.h(734,42): warning C4100: “num_indices”: 未引用的形参 (编译源文件 main.cpp)
D:\MATLAB\R2017a\extern\include\mclcppclass.h(738,42): warning C4100: “num_indices”: 未引用的形参 (编译源文件 main.cpp)
D:\MATLAB\R2017a\extern\include\mclcppclass.h(742,42): warning C4100: “num_indices”: 未引用的形参 (编译源文件 main.cpp)
D:\MATLAB\R2017a\extern\include\mclcppclass.h(746,42): warning C4100: “num_indices”: 未引用的形参 (编译源文件 main.cpp)
D:\MATLAB\R2017a\extern\include\mclcppclass.h(750,42): warning C4100: “num_indices”: 未引用的形参 (编译源文件 main.cpp)
D:\MATLAB\R2017a\extern\include\mclcppclass.h(754,42): warning C4100: “num_indices”: 未引用的形参 (编译源文件 main.cpp)
D:\MATLAB\R2017a\extern\include\mclcppclass.h(758,42): warning C4100: “num_indices”: 未引用的形参 (编译源文件 main.cpp)
D:\MATLAB\R2017a\extern\include\mclcppclass.h(762,42): warning C4100: “num_indices”: 未引用的形参 (编译源文件 main.cpp)
D:\MATLAB\R2017a\extern\include\mclcppclass.h(766,42): warning C4100: “num_indices”: 未引用的形参 (编译源文件 main.cpp)
D:\MATLAB\R2017a\extern\include\mclcppclass.h(770,42): warning C4100: “num_indices”: 未引用的形参 (编译源文件 main.cpp)
D:\MATLAB\R2017a\extern\include\mclcppclass.h(774,42): warning C4100: “num_indices”: 未引用的形参 (编译源文件 main.cpp)
D:\MATLAB\R2017a\extern\include\mclcppclass.h(778,42): warning C4100: “num_indices”: 未引用的形参 (编译源文件 main.cpp)
D:\MATLAB\R2017a\extern\include\mclcppclass.h(782,42): warning C4100: “num_indices”: 未引用的形参 (编译源文件 main.cpp)
D:\MATLAB\R2017a\extern\include\mclcppclass.h(786,42): warning C4100: “num_indices”: 未引用的形参 (编译源文件 main.cpp)
D:\MATLAB\R2017a\extern\include\mclcppclass.h(790,42): warning C4100: “num_indices”: 未引用的形参 (编译源文件 main.cpp)
D:\MATLAB\R2017a\extern\include\mclcppclass.h(794,42): warning C4100: “num_indices”: 未引用的形参 (编译源文件 main.cpp)
D:\MATLAB\R2017a\extern\include\mclcppclass.h(798,42): warning C4100: “num_indices”: 未引用的形参 (编译源文件 main.cpp)
D:\MATLAB\R2017a\extern\include\mclcppclass.h(802,42): warning C4100: “num_indices”: 未引用的形参 (编译源文件 main.cpp)
D:\MATLAB\R2017a\extern\include\mclcppclass.h(806,42): warning C4100: “num_indices”: 未引用的形参 (编译源文件 main.cpp)
D:\MATLAB\R2017a\extern\include\mclcppclass.h(810,42): warning C4100: “num_indices”: 未引用的形参 (编译源文件 main.cpp)
D:\MATLAB\R2017a\extern\include\mclcppclass.h(814,42): warning C4100: “num_indices”: 未引用的形参 (编译源文件 main.cpp)
D:\MATLAB\R2017a\extern\include\mclcppclass.h(818,42): warning C4100: “num_indices”: 未引用的形参 (编译源文件 main.cpp)
D:\MATLAB\R2017a\extern\include\mclcppclass.h(822,42): warning C4100: “num_indices”: 未引用的形参 (编译源文件 main.cpp)
D:\MATLAB\R2017a\extern\include\mclcppclass.h(826,42): warning C4100: “num_indices”: 未引用的形参 (编译源文件 main.cpp)
D:\MATLAB\R2017a\extern\include\mclcppclass.h(830,42): warning C4100: “num_indices”: 未引用的形参 (编译源文件 main.cpp)
D:\MATLAB\R2017a\extern\include\mclcppclass.h(834,42): warning C4100: “num_indices”: 未引用的形参 (编译源文件 main.cpp)
D:\MATLAB\R2017a\extern\include\mclcppclass.h(838,42): warning C4100: “num_indices”: 未引用的形参 (编译源文件 main.cpp)
D:\MATLAB\R2017a\extern\include\mclcppclass.h(842,42): warning C4100: “num_indices”: 未引用的形参 (编译源文件 main.cpp)
D:\MATLAB\R2017a\extern\include\mclcppclass.h(846,42): warning C4100: “num_indices”: 未引用的形参 (编译源文件 main.cpp)
D:\MATLAB\R2017a\extern\include\mclcppclass.h(850,42): warning C4100: “num_indices”: 未引用的形参 (编译源文件 main.cpp)
D:\MATLAB\R2017a\extern\include\mclcppclass.h(854,42): warning C4100: “num_indices”: 未引用的形参 (编译源文件 main.cpp)
D:\MATLAB\R2017a\extern\include\mclcppclass.h(858,42): warning C4100: “num_indices”: 未引用的形参 (编译源文件 main.cpp)
D:\MATLAB\R2017a\extern\include\mclcppclass.h(862,48): warning C4100: “num_indices”: 未引用的形参 (编译源文件 main.cpp)
D:\MATLAB\R2017a\extern\include\mclcppclass.h(866,48): warning C4100: “num_indices”: 未引用的形参 (编译源文件 main.cpp)
D:\MATLAB\R2017a\extern\include\mclcppclass.h(870,48): warning C4100: “num_indices”: 未引用的形参 (编译源文件 main.cpp)
D:\MATLAB\R2017a\extern\include\mclcppclass.h(874,48): warning C4100: “num_indices”: 未引用的形参 (编译源文件 main.cpp)
D:\MATLAB\R2017a\extern\include\mclcppclass.h(878,48): warning C4100: “num_indices”: 未引用的形参 (编译源文件 main.cpp)
D:\MATLAB\R2017a\extern\include\mclcppclass.h(882,48): warning C4100: “num_indices”: 未引用的形参 (编译源文件 main.cpp)
D:\MATLAB\R2017a\extern\include\mclcppclass.h(886,48): warning C4100: “num_indices”: 未引用的形参 (编译源文件 main.cpp)
D:\MATLAB\R2017a\extern\include\mclcppclass.h(890,48): warning C4100: “num_indices”: 未引用的形参 (编译源文件 main.cpp)
D:\MATLAB\R2017a\extern\include\mclcppclass.h(894,48): warning C4100: “num_indices”: 未引用的形参 (编译源文件 main.cpp)
D:\MATLAB\R2017a\extern\include\mclcppclass.h(898,48): warning C4100: “num_indices”: 未引用的形参 (编译源文件 main.cpp)
D:\MATLAB\R2017a\extern\include\mclcppclass.h(902,48): warning C4100: “num_indices”: 未引用的形参 (编译源文件 main.cpp)
D:\MATLAB\R2017a\extern\include\mclcppclass.h(906,48): warning C4100: “num_indices”: 未引用的形参 (编译源文件 main.cpp)
D:\MATLAB\R2017a\extern\include\mclcppclass.h(910,48): warning C4100: “num_indices”: 未引用的形参 (编译源文件 main.cpp)
D:\MATLAB\R2017a\extern\include\mclcppclass.h(914,48): warning C4100: “num_indices”: 未引用的形参 (编译源文件 main.cpp)
D:\MATLAB\R2017a\extern\include\mclcppclass.h(918,48): warning C4100: “num_indices”: 未引用的形参 (编译源文件 main.cpp)
D:\MATLAB\R2017a\extern\include\mclcppclass.h(922,48): warning C4100: “num_indices”: 未引用的形参 (编译源文件 main.cpp)
D:\MATLAB\R2017a\extern\include\mclcppclass.h(926,48): warning C4100: “num_indices”: 未引用的形参 (编译源文件 main.cpp)
D:\MATLAB\R2017a\extern\include\mclcppclass.h(930,48): warning C4100: “num_indices”: 未引用的形参 (编译源文件 main.cpp)
D:\MATLAB\R2017a\extern\include\mclcppclass.h(934,48): warning C4100: “num_indices”: 未引用的形参 (编译源文件 main.cpp)
D:\MATLAB\R2017a\extern\include\mclcppclass.h(938,48): warning C4100: “num_indices”: 未引用的形参 (编译源文件 main.cpp)
D:\MATLAB\R2017a\extern\include\mclcppclass.h(942,48): warning C4100: “num_indices”: 未引用的形参 (编译源文件 main.cpp)
D:\MATLAB\R2017a\extern\include\mclcppclass.h(946,48): warning C4100: “num_indices”: 未引用的形参 (编译源文件 main.cpp)
D:\MATLAB\R2017a\extern\include\mclcppclass.h(950,48): warning C4100: “num_indices”: 未引用的形参 (编译源文件 main.cpp)
D:\MATLAB\R2017a\extern\include\mclcppclass.h(954,48): warning C4100: “num_indices”: 未引用的形参 (编译源文件 main.cpp)
D:\MATLAB\R2017a\extern\include\mclcppclass.h(958,48): warning C4100: “num_indices”: 未引用的形参 (编译源文件 main.cpp)
D:\MATLAB\R2017a\extern\include\mclcppclass.h(962,48): warning C4100: “num_indices”: 未引用的形参 (编译源文件 main.cpp)
D:\MATLAB\R2017a\extern\include\mclcppclass.h(966,48): warning C4100: “num_indices”: 未引用的形参 (编译源文件 main.cpp)
D:\MATLAB\R2017a\extern\include\mclcppclass.h(970,48): warning C4100: “num_indices”: 未引用的形参 (编译源文件 main.cpp)
D:\MATLAB\R2017a\extern\include\mclcppclass.h(974,48): warning C4100: “num_indices”: 未引用的形参 (编译源文件 main.cpp)
D:\MATLAB\R2017a\extern\include\mclcppclass.h(978,48): warning C4100: “num_indices”: 未引用的形参 (编译源文件 main.cpp)
D:\MATLAB\R2017a\extern\include\mclcppclass.h(982,48): warning C4100: “num_indices”: 未引用的形参 (编译源文件 main.cpp)
D:\MATLAB\R2017a\extern\include\mclcppclass.h(986,48): warning C4100: “num_indices”: 未引用的形参 (编译源文件 main.cpp)
D:\my\sunxun\osgqt_zaojiayong\osgqt.h(115,11): warning C4189: “xcur_rad”: 局部变量已初始化但不引用 (编译源文件 main.cpp)
D:\my\sunxun\osgqt_zaojiayong\osgqt.h(112,11): warning C4189: “xani_range”: 局部变量已初始化但不引用 (编译源文件 main.cpp)
D:\my\sunxun\osgqt_zaojiayong\osgqt.h(114,11): warning C4189: “zani_range”: 局部变量已初始化但不引用 (编译源文件 main.cpp)
D:\my\sunxun\osgqt_zaojiayong\osgqt.h(117,11): warning C4189: “zcur_rad”: 局部变量已初始化但不引用 (编译源文件 main.cpp)
D:\my\sunxun\osgqt_zaojiayong\osgqt.h(142,11): warning C4189: “zani_range”: 局部变量已初始化但不引用 (编译源文件 main.cpp)
D:\my\sunxun\osgqt_zaojiayong\osgqt.h(141,11): warning C4189: “yani_range”: 局部变量已初始化但不引用 (编译源文件 main.cpp)
D:\my\sunxun\osgqt_zaojiayong\osgqt.h(144,11): warning C4189: “ycur_rad”: 局部变量已初始化但不引用 (编译源文件 main.cpp)
D:\my\sunxun\osgqt_zaojiayong\osgqt.h(145,11): warning C4189: “zcur_rad”: 局部变量已初始化但不引用 (编译源文件 main.cpp)
D:\MATLAB\R2017a\extern\include\mclcppclass.h(458,24): warning C4100: “num_indices”: 未引用的形参 (编译源文件 osgqt.cpp)
D:\MATLAB\R2017a\extern\include\mclcppclass.h(462,24): warning C4100: “num_indices”: 未引用的形参 (编译源文件 osgqt.cpp)
D:\MATLAB\R2017a\extern\include\mclcppclass.h(466,24): warning C4100: “num_indices”: 未引用的形参 (编译源文件 osgqt.cpp)
D:\MATLAB\R2017a\extern\include\mclcppclass.h(470,24): warning C4100: “num_indices”: 未引用的形参 (编译源文件 osgqt.cpp)
D:\MATLAB\R2017a\extern\include\mclcppclass.h(474,24): warning C4100: “num_indices”: 未引用的形参 (编译源文件 osgqt.cpp)
D:\MATLAB\R2017a\extern\include\mclcppclass.h(478,24): warning C4100: “num_indices”: 未引用的形参 (编译源文件 osgqt.cpp)
D:\MATLAB\R2017a\extern\include\mclcppclass.h(482,24): warning C4100: “num_indices”: 未引用的形参 (编译源文件 osgqt.cpp)
D:\MATLAB\R2017a\extern\include\mclcppclass.h(486,24): warning C4100: “num_indices”: 未引用的形参 (编译源文件 osgqt.cpp)
D:\MATLAB\R2017a\extern\include\mclcppclass.h(490,24): warning C4100: “num_indices”: 未引用的形参 (编译源文件 osgqt.cpp)
D:\MATLAB\R2017a\extern\include\mclcppclass.h(494,24): warning C4100: “num_indices”: 未引用的形参 (编译源文件 osgqt.cpp)
D:\MATLAB\R2017a\extern\include\mclcppclass.h(498,24): warning C4100: “num_indices”: 未引用的形参 (编译源文件 osgqt.cpp)
D:\MATLAB\R2017a\extern\include\mclcppclass.h(502,24): warning C4100: “num_indices”: 未引用的形参 (编译源文件 osgqt.cpp)
D:\MATLAB\R2017a\extern\include\mclcppclass.h(506,24): warning C4100: “num_indices”: 未引用的形参 (编译源文件 osgqt.cpp)
D:\MATLAB\R2017a\extern\include\mclcppclass.h(510,24): warning C4100: “num_indices”: 未引用的形参 (编译源文件 osgqt.cpp)
D:\MATLAB\R2017a\extern\include\mclcppclass.h(514,24): warning C4100: “num_indices”: 未引用的形参 (编译源文件 osgqt.cpp)
D:\MATLAB\R2017a\extern\include\mclcppclass.h(518,24): warning C4100: “num_indices”: 未引用的形参 (编译源文件 osgqt.cpp)
D:\MATLAB\R2017a\extern\include\mclcppclass.h(522,24): warning C4100: “num_indices”: 未引用的形参 (编译源文件 osgqt.cpp)
D:\MATLAB\R2017a\extern\include\mclcppclass.h(526,24): warning C4100: “num_indices”: 未引用的形参 (编译源文件 osgqt.cpp)
D:\MATLAB\R2017a\extern\include\mclcppclass.h(530,24): warning C4100: “num_indices”: 未引用的形参 (编译源文件 osgqt.cpp)
D:\MATLAB\R2017a\extern\include\mclcppclass.h(534,24): warning C4100: “num_indices”: 未引用的形参 (编译源文件 osgqt.cpp)
D:\MATLAB\R2017a\extern\include\mclcppclass.h(538,24): warning C4100: “num_indices”: 未引用的形参 (编译源文件 osgqt.cpp)
D:\MATLAB\R2017a\extern\include\mclcppclass.h(542,24): warning C4100: “num_indices”: 未引用的形参 (编译源文件 osgqt.cpp)
D:\MATLAB\R2017a\extern\include\mclcppclass.h(546,24): warning C4100: “num_indices”: 未引用的形参 (编译源文件 osgqt.cpp)
D:\MATLAB\R2017a\extern\include\mclcppclass.h(550,24): warning C4100: “num_indices”: 未引用的形参 (编译源文件 osgqt.cpp)
D:\MATLAB\R2017a\extern\include\mclcppclass.h(554,24): warning C4100: “num_indices”: 未引用的形参 (编译源文件 osgqt.cpp)
D:\MATLAB\R2017a\extern\include\mclcppclass.h(558,24): warning C4100: “num_indices”: 未引用的形参 (编译源文件 osgqt.cpp)
D:\MATLAB\R2017a\extern\include\mclcppclass.h(562,24): warning C4100: “num_indices”: 未引用的形参 (编译源文件 osgqt.cpp)
D:\MATLAB\R2017a\extern\include\mclcppclass.h(566,24): warning C4100: “num_indices”: 未引用的形参 (编译源文件 osgqt.cpp)
D:\MATLAB\R2017a\extern\include\mclcppclass.h(570,24): warning C4100: “num_indices”: 未引用的形参 (编译源文件 osgqt.cpp)
D:\MATLAB\R2017a\extern\include\mclcppclass.h(574,24): warning C4100: “num_indices”: 未引用的形参 (编译源文件 osgqt.cpp)
D:\MATLAB\R2017a\extern\include\mclcppclass.h(578,24): warning C4100: “num_indices”: 未引用的形参 (编译源文件 osgqt.cpp)
D:\MATLAB\R2017a\extern\include\mclcppclass.h(582,24): warning C4100: “num_indices”: 未引用的形参 (编译源文件 osgqt.cpp)
D:\MATLAB\R2017a\extern\include\mclcppclass.h(586,30): warning C4100: “num_indices”: 未引用的形参 (编译源文件 osgqt.cpp)
D:\MATLAB\R2017a\extern\include\mclcppclass.h(590,30): warning C4100: “num_indices”: 未引用的形参 (编译源文件 osgqt.cpp)
D:\MATLAB\R2017a\extern\include\mclcppclass.h(594,30): warning C4100: “num_indices”: 未引用的形参 (编译源文件 osgqt.cpp)
D:\MATLAB\R2017a\extern\include\mclcppclass.h(598,30): warning C4100: “num_indices”: 未引用的形参 (编译源文件 osgqt.cpp)
D:\MATLAB\R2017a\extern\include\mclcppclass.h(602,30): warning C4100: “num_indices”: 未引用的形参 (编译源文件 osgqt.cpp)
D:\MATLAB\R2017a\extern\include\mclcppclass.h(606,30): warning C4100: “num_indices”: 未引用的形参 (编译源文件 osgqt.cpp)
D:\MATLAB\R2017a\extern\include\mclcppclass.h(610,30): warning C4100: “num_indices”: 未引用的形参 (编译源文件 osgqt.cpp)
D:\MATLAB\R2017a\extern\include\mclcppclass.h(614,30): warning C4100: “num_indices”: 未引用的形参 (编译源文件 osgqt.cpp)
D:\MATLAB\R2017a\extern\include\mclcppclass.h(618,30): warning C4100: “num_indices”: 未引用的形参 (编译源文件 osgqt.cpp)
D:\MATLAB\R2017a\extern\include\mclcppclass.h(622,30): warning C4100: “num_indices”: 未引用的形参 (编译源文件 osgqt.cpp)
D:\MATLAB\R2017a\extern\include\mclcppclass.h(626,30): warning C4100: “num_indices”: 未引用的形参 (编译源文件 osgqt.cpp)
D:\MATLAB\R2017a\extern\include\mclcppclass.h(630,30): warning C4100: “num_indices”: 未引用的形参 (编译源文件 osgqt.cpp)
D:\MATLAB\R2017a\extern\include\mclcppclass.h(634,30): warning C4100: “num_indices”: 未引用的形参 (编译源文件 osgqt.cpp)
D:\MATLAB\R2017a\extern\include\mclcppclass.h(638,30): warning C4100: “num_indices”: 未引用的形参 (编译源文件 osgqt.cpp)
D:\MATLAB\R2017a\extern\include\mclcppclass.h(642,30): warning C4100: “num_indices”: 未引用的形参 (编译源文件 osgqt.cpp)
D:\MATLAB\R2017a\extern\include\mclcppclass.h(646,30): warning C4100: “num_indices”: 未引用的形参 (编译源文件 osgqt.cpp)
D:\MATLAB\R2017a\extern\include\mclcppclass.h(650,30): warning C4100: “num_indices”: 未引用的形参 (编译源文件 osgqt.cpp)
D:\MATLAB\R2017a\extern\include\mclcppclass.h(654,30): warning C4100: “num_indices”: 未引用的形参 (编译源文件 osgqt.cpp)
D:\MATLAB\R2017a\extern\include\mclcppclass.h(658,30): warning C4100: “num_indices”: 未引用的形参 (编译源文件 osgqt.cpp)
D:\MATLAB\R2017a\extern\include\mclcppclass.h(662,30): warning C4100: “num_indices”: 未引用的形参 (编译源文件 osgqt.cpp)
D:\MATLAB\R2017a\extern\include\mclcppclass.h(666,30): warning C4100: “num_indices”: 未引用的形参 (编译源文件 osgqt.cpp)
D:\MATLAB\R2017a\extern\include\mclcppclass.h(670,30): warning C4100: “num_indices”: 未引用的形参 (编译源文件 osgqt.cpp)
D:\MATLAB\R2017a\extern\include\mclcppclass.h(674,30): warning C4100: “num_indices”: 未引用的形参 (编译源文件 osgqt.cpp)
D:\MATLAB\R2017a\extern\include\mclcppclass.h(678,30): warning C4100: “num_indices”: 未引用的形参 (编译源文件 osgqt.cpp)
D:\MATLAB\R2017a\extern\include\mclcppclass.h(682,30): warning C4100: “num_indices”: 未引用的形参 (编译源文件 osgqt.cpp)
D:\MATLAB\R2017a\extern\include\mclcppclass.h(686,30): warning C4100: “num_indices”: 未引用的形参 (编译源文件 osgqt.cpp)
D:\MATLAB\R2017a\extern\include\mclcppclass.h(690,30): warning C4100: “num_indices”: 未引用的形参 (编译源文件 osgqt.cpp)
D:\MATLAB\R2017a\extern\include\mclcppclass.h(694,30): warning C4100: “num_indices”: 未引用的形参 (编译源文件 osgqt.cpp)
D:\MATLAB\R2017a\extern\include\mclcppclass.h(698,30): warning C4100: “num_indices”: 未引用的形参 (编译源文件 osgqt.cpp)
D:\MATLAB\R2017a\extern\include\mclcppclass.h(702,30): warning C4100: “num_indices”: 未引用的形参 (编译源文件 osgqt.cpp)
D:\MATLAB\R2017a\extern\include\mclcppclass.h(706,30): warning C4100: “num_indices”: 未引用的形参 (编译源文件 osgqt.cpp)
D:\MATLAB\R2017a\extern\include\mclcppclass.h(710,30): warning C4100: “num_indices”: 未引用的形参 (编译源文件 osgqt.cpp)
D:\MATLAB\R2017a\extern\include\mclcppclass.h(734,42): warning C4100: “num_indices”: 未引用的形参 (编译源文件 osgqt.cpp)
D:\MATLAB\R2017a\extern\include\mclcppclass.h(738,42): warning C4100: “num_indices”: 未引用的形参 (编译源文件 osgqt.cpp)
D:\MATLAB\R2017a\extern\include\mclcppclass.h(742,42): warning C4100: “num_indices”: 未引用的形参 (编译源文件 osgqt.cpp)
D:\MATLAB\R2017a\extern\include\mclcppclass.h(746,42): warning C4100: “num_indices”: 未引用的形参 (编译源文件 osgqt.cpp)
D:\MATLAB\R2017a\extern\include\mclcppclass.h(750,42): warning C4100: “num_indices”: 未引用的形参 (编译源文件 osgqt.cpp)
D:\MATLAB\R2017a\extern\include\mclcppclass.h(754,42): warning C4100: “num_indices”: 未引用的形参 (编译源文件 osgqt.cpp)
D:\MATLAB\R2017a\extern\include\mclcppclass.h(758,42): warning C4100: “num_indices”: 未引用的形参 (编译源文件 osgqt.cpp)
D:\MATLAB\R2017a\extern\include\mclcppclass.h(762,42): warning C4100: “num_indices”: 未引用的形参 (编译源文件 osgqt.cpp)
D:\MATLAB\R2017a\extern\include\mclcppclass.h(766,42): warning C4100: “num_indices”: 未引用的形参 (编译源文件 osgqt.cpp)
D:\MATLAB\R2017a\extern\include\mclcppclass.h(770,42): warning C4100: “num_indices”: 未引用的形参 (编译源文件 osgqt.cpp)
D:\MATLAB\R2017a\extern\include\mclcppclass.h(774,42): warning C4100: “num_indices”: 未引用的形参 (编译源文件 osgqt.cpp)
D:\MATLAB\R2017a\extern\include\mclcppclass.h(778,42): warning C4100: “num_indices”: 未引用的形参 (编译源文件 osgqt.cpp)
D:\MATLAB\R2017a\extern\include\mclcppclass.h(782,42): warning C4100: “num_indices”: 未引用的形参 (编译源文件 osgqt.cpp)
D:\MATLAB\R2017a\extern\include\mclcppclass.h(786,42): warning C4100: “num_indices”: 未引用的形参 (编译源文件 osgqt.cpp)
D:\MATLAB\R2017a\extern\include\mclcppclass.h(790,42): warning C4100: “num_indices”: 未引用的形参 (编译源文件 osgqt.cpp)
D:\MATLAB\R2017a\extern\include\mclcppclass.h(794,42): warning C4100: “num_indices”: 未引用的形参 (编译源文件 osgqt.cpp)
D:\MATLAB\R2017a\extern\include\mclcppclass.h(798,42): warning C4100: “num_indices”: 未引用的形参 (编译源文件 osgqt.cpp)
D:\MATLAB\R2017a\extern\include\mclcppclass.h(802,42): warning C4100: “num_indices”: 未引用的形参 (编译源文件 osgqt.cpp)
D:\MATLAB\R2017a\extern\include\mclcppclass.h(806,42): warning C4100: “num_indices”: 未引用的形参 (编译源文件 osgqt.cpp)
D:\MATLAB\R2017a\extern\include\mclcppclass.h(810,42): warning C4100: “num_indices”: 未引用的形参 (编译源文件 osgqt.cpp)
D:\MATLAB\R2017a\extern\include\mclcppclass.h(814,42): warning C4100: “num_indices”: 未引用的形参 (编译源文件 osgqt.cpp)
D:\MATLAB\R2017a\extern\include\mclcppclass.h(818,42): warning C4100: “num_indices”: 未引用的形参 (编译源文件 osgqt.cpp)
D:\MATLAB\R2017a\extern\include\mclcppclass.h(822,42): warning C4100: “num_indices”: 未引用的形参 (编译源文件 osgqt.cpp)
D:\MATLAB\R2017a\extern\include\mclcppclass.h(826,42): warning C4100: “num_indices”: 未引用的形参 (编译源文件 osgqt.cpp)
D:\MATLAB\R2017a\extern\include\mclcppclass.h(830,42): warning C4100: “num_indices”: 未引用的形参 (编译源文件 osgqt.cpp)
D:\MATLAB\R2017a\extern\include\mclcppclass.h(834,42): warning C4100: “num_indices”: 未引用的形参 (编译源文件 osgqt.cpp)
D:\MATLAB\R2017a\extern\include\mclcppclass.h(838,42): warning C4100: “num_indices”: 未引用的形参 (编译源文件 osgqt.cpp)
D:\MATLAB\R2017a\extern\include\mclcppclass.h(842,42): warning C4100: “num_indices”: 未引用的形参 (编译源文件 osgqt.cpp)
D:\MATLAB\R2017a\extern\include\mclcppclass.h(846,42): warning C4100: “num_indices”: 未引用的形参 (编译源文件 osgqt.cpp)
D:\MATLAB\R2017a\extern\include\mclcppclass.h(850,42): warning C4100: “num_indices”: 未引用的形参 (编译源文件 osgqt.cpp)
D:\MATLAB\R2017a\extern\include\mclcppclass.h(854,42): warning C4100: “num_indices”: 未引用的形参 (编译源文件 osgqt.cpp)
D:\MATLAB\R2017a\extern\include\mclcppclass.h(858,42): warning C4100: “num_indices”: 未引用的形参 (编译源文件 osgqt.cpp)
D:\MATLAB\R2017a\extern\include\mclcppclass.h(862,48): warning C4100: “num_indices”: 未引用的形参 (编译源文件 osgqt.cpp)
D:\MATLAB\R2017a\extern\include\mclcppclass.h(866,48): warning C4100: “num_indices”: 未引用的形参 (编译源文件 osgqt.cpp)
D:\MATLAB\R2017a\extern\include\mclcppclass.h(870,48): warning C4100: “num_indices”: 未引用的形参 (编译源文件 osgqt.cpp)
D:\MATLAB\R2017a\extern\include\mclcppclass.h(874,48): warning C4100: “num_indices”: 未引用的形参 (编译源文件 osgqt.cpp)
D:\MATLAB\R2017a\extern\include\mclcppclass.h(878,48): warning C4100: “num_indices”: 未引用的形参 (编译源文件 osgqt.cpp)
D:\MATLAB\R2017a\extern\include\mclcppclass.h(882,48): warning C4100: “num_indices”: 未引用的形参 (编译源文件 osgqt.cpp)
D:\MATLAB\R2017a\extern\include\mclcppclass.h(886,48): warning C4100: “num_indices”: 未引用的形参 (编译源文件 osgqt.cpp)
D:\MATLAB\R2017a\extern\include\mclcppclass.h(890,48): warning C4100: “num_indices”: 未引用的形参 (编译源文件 osgqt.cpp)
D:\MATLAB\R2017a\extern\include\mclcppclass.h(894,48): warning C4100: “num_indices”: 未引用的形参 (编译源文件 osgqt.cpp)
D:\MATLAB\R2017a\extern\include\mclcppclass.h(898,48): warning C4100: “num_indices”: 未引用的形参 (编译源文件 osgqt.cpp)
D:\MATLAB\R2017a\extern\include\mclcppclass.h(902,48): warning C4100: “num_indices”: 未引用的形参 (编译源文件 osgqt.cpp)
D:\MATLAB\R2017a\extern\include\mclcppclass.h(906,48): warning C4100: “num_indices”: 未引用的形参 (编译源文件 osgqt.cpp)
D:\MATLAB\R2017a\extern\include\mclcppclass.h(910,48): warning C4100: “num_indices”: 未引用的形参 (编译源文件 osgqt.cpp)
D:\MATLAB\R2017a\extern\include\mclcppclass.h(914,48): warning C4100: “num_indices”: 未引用的形参 (编译源文件 osgqt.cpp)
D:\MATLAB\R2017a\extern\include\mclcppclass.h(918,48): warning C4100: “num_indices”: 未引用的形参 (编译源文件 osgqt.cpp)
D:\MATLAB\R2017a\extern\include\mclcppclass.h(922,48): warning C4100: “num_indices”: 未引用的形参 (编译源文件 osgqt.cpp)
D:\MATLAB\R2017a\extern\include\mclcppclass.h(926,48): warning C4100: “num_indices”: 未引用的形参 (编译源文件 osgqt.cpp)
D:\MATLAB\R2017a\extern\include\mclcppclass.h(930,48): warning C4100: “num_indices”: 未引用的形参 (编译源文件 osgqt.cpp)
D:\MATLAB\R2017a\extern\include\mclcppclass.h(934,48): warning C4100: “num_indices”: 未引用的形参 (编译源文件 osgqt.cpp)
D:\MATLAB\R2017a\extern\include\mclcppclass.h(938,48): warning C4100: “num_indices”: 未引用的形参 (编译源文件 osgqt.cpp)
D:\MATLAB\R2017a\extern\include\mclcppclass.h(942,48): warning C4100: “num_indices”: 未引用的形参 (编译源文件 osgqt.cpp)
D:\MATLAB\R2017a\extern\include\mclcppclass.h(946,48): warning C4100: “num_indices”: 未引用的形参 (编译源文件 osgqt.cpp)
D:\MATLAB\R2017a\extern\include\mclcppclass.h(950,48): warning C4100: “num_indices”: 未引用的形参 (编译源文件 osgqt.cpp)
D:\MATLAB\R2017a\extern\include\mclcppclass.h(954,48): warning C4100: “num_indices”: 未引用的形参 (编译源文件 osgqt.cpp)
D:\MATLAB\R2017a\extern\include\mclcppclass.h(958,48): warning C4100: “num_indices”: 未引用的形参 (编译源文件 osgqt.cpp)
D:\MATLAB\R2017a\extern\include\mclcppclass.h(962,48): warning C4100: “num_indices”: 未引用的形参 (编译源文件 osgqt.cpp)
D:\MATLAB\R2017a\extern\include\mclcppclass.h(966,48): warning C4100: “num_indices”: 未引用的形参 (编译源文件 osgqt.cpp)
D:\MATLAB\R2017a\extern\include\mclcppclass.h(970,48): warning C4100: “num_indices”: 未引用的形参 (编译源文件 osgqt.cpp)
D:\MATLAB\R2017a\extern\include\mclcppclass.h(974,48): warning C4100: “num_indices”: 未引用的形参 (编译源文件 osgqt.cpp)
D:\MATLAB\R2017a\extern\include\mclcppclass.h(978,48): warning C4100: “num_indices”: 未引用的形参 (编译源文件 osgqt.cpp)
D:\MATLAB\R2017a\extern\include\mclcppclass.h(982,48): warning C4100: “num_indices”: 未引用的形参 (编译源文件 osgqt.cpp)
  PointIntersector.cpp
  SVMData.cpp
D:\MATLAB\R2017a\extern\include\mclcppclass.h(986,48): warning C4100: “num_indices”: 未引用的形参 (编译源文件 osgqt.cpp)
D:\my\sunxun\osgqt_zaojiayong\osgqt.h(115,11): warning C4189: “xcur_rad”: 局部变量已初始化但不引用 (编译源文件 osgqt.cpp)
D:\my\sunxun\osgqt_zaojiayong\osgqt.h(112,11): warning C4189: “xani_range”: 局部变量已初始化但不引用 (编译源文件 osgqt.cpp)
D:\my\sunxun\osgqt_zaojiayong\osgqt.h(114,11): warning C4189: “zani_range”: 局部变量已初始化但不引用 (编译源文件 osgqt.cpp)
D:\my\sunxun\osgqt_zaojiayong\osgqt.h(117,11): warning C4189: “zcur_rad”: 局部变量已初始化但不引用 (编译源文件 osgqt.cpp)
D:\my\sunxun\osgqt_zaojiayong\osgqt.h(142,11): warning C4189: “zani_range”: 局部变量已初始化但不引用 (编译源文件 osgqt.cpp)
D:\my\sunxun\osgqt_zaojiayong\osgqt.h(141,11): warning C4189: “yani_range”: 局部变量已初始化但不引用 (编译源文件 osgqt.cpp)
D:\my\sunxun\osgqt_zaojiayong\osgqt.h(144,11): warning C4189: “ycur_rad”: 局部变量已初始化但不引用 (编译源文件 osgqt.cpp)
  VirtualPlaneIntersector.cpp
D:\my\sunxun\osgqt_zaojiayong\osgqt.h(145,11): warning C4189: “zcur_rad”: 局部变量已初始化但不引用 (编译源文件 osgqt.cpp)
D:\my\sunxun\osgqt_zaojiayong\osgqt.cpp(761,97): warning C4100: “if_open”: 未引用的形参
D:\my\sunxun\osgqt_zaojiayong\osgqt.cpp(817,23): warning C4018: “<”: 有符号/无符号不匹配
D:\my\sunxun\osgqt_zaojiayong\osgqt.cpp(785,17): warning C4189: “i”: 局部变量已初始化但不引用
D:\my\sunxun\osgqt_zaojiayong\osgqt.cpp(897,19): warning C4189: “state”: 局部变量已初始化但不引用
D:\my\sunxun\osgqt_zaojiayong\osgqt.cpp(1975,8): warning C4189: “f”: 局部变量已初始化但不引用
D:\my\sunxun\osgqt_zaojiayong\osgqt.cpp(2123,20): warning C4018: “<”: 有符号/无符号不匹配
D:\my\sunxun\osgqt_zaojiayong\osgqt.cpp(2203,21): warning C4018: “<”: 有符号/无符号不匹配
D:\my\sunxun\osgqt_zaojiayong\osgqt.cpp(2202,8): warning C4189: “ismoniclose”: 局部变量已初始化但不引用
D:\my\sunxun\osgqt_zaojiayong\osgqt.cpp(2267,25): warning C4189: “MT”: 局部变量已初始化但不引用
D:\my\sunxun\osgqt_zaojiayong\osgqt.cpp(2342,77): warning C4100: “open_transparent”: 未引用的形参
D:\my\sunxun\osgqt_zaojiayong\osgqt.cpp(2698,20): warning C4018: “<”: 有符号/无符号不匹配
D:\my\sunxun\osgqt_zaojiayong\osgqt.cpp(2842,20): warning C4018: “<”: 有符号/无符号不匹配
D:\my\sunxun\osgqt_zaojiayong\osgqt.cpp(3054,21): warning C4018: “<”: 有符号/无符号不匹配
D:\my\sunxun\osgqt_zaojiayong\osgqt.cpp(3157,56): warning C4100: “column”: 未引用的形参
D:\my\sunxun\osgqt_zaojiayong\osgqt.cpp(3603,20): warning C4018: “<”: 有符号/无符号不匹配
C:\Program Files (x86)\Microsoft Visual Studio\2019\Community\VC\Tools\MSVC\14.23.28105\include\vector(1212,1): warning C4530: 使用了 C++ 异常处理程序，但未启用展开语义。请指定 /EHsc (编译源文件 wireandpoint\LineIntersector.cpp)
C:\Program Files (x86)\Microsoft Visual Studio\2019\Community\VC\Tools\MSVC\14.23.28105\include\vector(1202): message : 在编译 类 模板 成员函数“void std::vector<ValueT,std::allocator<_Ty>>::_Reallocate_exactly(const unsigned __int64)”时
C:\Program Files (x86)\Microsoft Visual Studio\2019\Community\VC\Tools\MSVC\14.23.28105\include\vector(1202): message :         with
C:\Program Files (x86)\Microsoft Visual Studio\2019\Community\VC\Tools\MSVC\14.23.28105\include\vector(1202): message :         [
C:\Program Files (x86)\Microsoft Visual Studio\2019\Community\VC\Tools\MSVC\14.23.28105\include\vector(1202): message :             ValueT=GLushort,
C:\Program Files (x86)\Microsoft Visual Studio\2019\Community\VC\Tools\MSVC\14.23.28105\include\vector(1202): message :             _Ty=GLushort
C:\Program Files (x86)\Microsoft Visual Studio\2019\Community\VC\Tools\MSVC\14.23.28105\include\vector(1202): message :         ] (编译源文件 wireandpoint\LineIntersector.cpp)
C:\Program Files (x86)\Microsoft Visual Studio\2019\Community\VC\Tools\MSVC\14.23.28105\include\vector(1262): message : 查看对正在编译的函数 模板 实例化“void std::vector<ValueT,std::allocator<_Ty>>::_Reallocate_exactly(const unsigned __int64)”的引用
C:\Program Files (x86)\Microsoft Visual Studio\2019\Community\VC\Tools\MSVC\14.23.28105\include\vector(1262): message :         with
C:\Program Files (x86)\Microsoft Visual Studio\2019\Community\VC\Tools\MSVC\14.23.28105\include\vector(1262): message :         [
C:\Program Files (x86)\Microsoft Visual Studio\2019\Community\VC\Tools\MSVC\14.23.28105\include\vector(1262): message :             ValueT=GLushort,
C:\Program Files (x86)\Microsoft Visual Studio\2019\Community\VC\Tools\MSVC\14.23.28105\include\vector(1262): message :             _Ty=GLushort
C:\Program Files (x86)\Microsoft Visual Studio\2019\Community\VC\Tools\MSVC\14.23.28105\include\vector(1262): message :         ] (编译源文件 wireandpoint\LineIntersector.cpp)
D:\my\sunxun\osg3.4.1\OpenSceneGraph\OpenSceneGraph-3.6.5-VC2019-64-Release\include\osg\MixinVector(32): message : 查看对正在编译的 类 模板 实例化“std::vector<ValueT,std::allocator<_Ty>>”的引用
D:\my\sunxun\osg3.4.1\OpenSceneGraph\OpenSceneGraph-3.6.5-VC2019-64-Release\include\osg\MixinVector(32): message :         with
D:\my\sunxun\osg3.4.1\OpenSceneGraph\OpenSceneGraph-3.6.5-VC2019-64-Release\include\osg\MixinVector(32): message :         [
D:\my\sunxun\osg3.4.1\OpenSceneGraph\OpenSceneGraph-3.6.5-VC2019-64-Release\include\osg\MixinVector(32): message :             ValueT=GLushort,
D:\my\sunxun\osg3.4.1\OpenSceneGraph\OpenSceneGraph-3.6.5-VC2019-64-Release\include\osg\MixinVector(32): message :             _Ty=GLushort
D:\my\sunxun\osg3.4.1\OpenSceneGraph\OpenSceneGraph-3.6.5-VC2019-64-Release\include\osg\MixinVector(32): message :         ] (编译源文件 wireandpoint\LineIntersector.cpp)
D:\my\sunxun\osg3.4.1\OpenSceneGraph\OpenSceneGraph-3.6.5-VC2019-64-Release\include\osg\PrimitiveSet(435): message : 查看对正在编译的 类 模板 实例化“osg::MixinVector<GLushort>”的引用 (编译源文件 wireandpoint\LineIntersector.cpp)
C:\Program Files (x86)\Microsoft Visual Studio\2019\Community\VC\Tools\MSVC\14.23.28105\include\vector(1212,1): warning C4530: 使用了 C++ 异常处理程序，但未启用展开语义。请指定 /EHsc (编译源文件 wireandpoint\PointIntersector.cpp)
C:\Program Files (x86)\Microsoft Visual Studio\2019\Community\VC\Tools\MSVC\14.23.28105\include\vector(1202): message : 在编译 类 模板 成员函数“void std::vector<ValueT,std::allocator<_Ty>>::_Reallocate_exactly(const unsigned __int64)”时
C:\Program Files (x86)\Microsoft Visual Studio\2019\Community\VC\Tools\MSVC\14.23.28105\include\vector(1202): message :         with
C:\Program Files (x86)\Microsoft Visual Studio\2019\Community\VC\Tools\MSVC\14.23.28105\include\vector(1202): message :         [
C:\Program Files (x86)\Microsoft Visual Studio\2019\Community\VC\Tools\MSVC\14.23.28105\include\vector(1202): message :             ValueT=GLushort,
C:\Program Files (x86)\Microsoft Visual Studio\2019\Community\VC\Tools\MSVC\14.23.28105\include\vector(1202): message :             _Ty=GLushort
C:\Program Files (x86)\Microsoft Visual Studio\2019\Community\VC\Tools\MSVC\14.23.28105\include\vector(1202): message :         ] (编译源文件 wireandpoint\PointIntersector.cpp)
C:\Program Files (x86)\Microsoft Visual Studio\2019\Community\VC\Tools\MSVC\14.23.28105\include\vector(1262): message : 查看对正在编译的函数 模板 实例化“void std::vector<ValueT,std::allocator<_Ty>>::_Reallocate_exactly(const unsigned __int64)”的引用
C:\Program Files (x86)\Microsoft Visual Studio\2019\Community\VC\Tools\MSVC\14.23.28105\include\vector(1262): message :         with
C:\Program Files (x86)\Microsoft Visual Studio\2019\Community\VC\Tools\MSVC\14.23.28105\include\vector(1262): message :         [
C:\Program Files (x86)\Microsoft Visual Studio\2019\Community\VC\Tools\MSVC\14.23.28105\include\vector(1262): message :             ValueT=GLushort,
C:\Program Files (x86)\Microsoft Visual Studio\2019\Community\VC\Tools\MSVC\14.23.28105\include\vector(1262): message :             _Ty=GLushort
C:\Program Files (x86)\Microsoft Visual Studio\2019\Community\VC\Tools\MSVC\14.23.28105\include\vector(1262): message :         ] (编译源文件 wireandpoint\PointIntersector.cpp)
D:\my\sunxun\osg3.4.1\OpenSceneGraph\OpenSceneGraph-3.6.5-VC2019-64-Release\include\osg\MixinVector(32): message : 查看对正在编译的 类 模板 实例化“std::vector<ValueT,std::allocator<_Ty>>”的引用
D:\my\sunxun\osg3.4.1\OpenSceneGraph\OpenSceneGraph-3.6.5-VC2019-64-Release\include\osg\MixinVector(32): message :         with
D:\my\sunxun\osg3.4.1\OpenSceneGraph\OpenSceneGraph-3.6.5-VC2019-64-Release\include\osg\MixinVector(32): message :         [
D:\my\sunxun\osg3.4.1\OpenSceneGraph\OpenSceneGraph-3.6.5-VC2019-64-Release\include\osg\MixinVector(32): message :             ValueT=GLushort,
D:\my\sunxun\osg3.4.1\OpenSceneGraph\OpenSceneGraph-3.6.5-VC2019-64-Release\include\osg\MixinVector(32): message :             _Ty=GLushort
D:\my\sunxun\osg3.4.1\OpenSceneGraph\OpenSceneGraph-3.6.5-VC2019-64-Release\include\osg\MixinVector(32): message :         ] (编译源文件 wireandpoint\PointIntersector.cpp)
D:\my\sunxun\osg3.4.1\OpenSceneGraph\OpenSceneGraph-3.6.5-VC2019-64-Release\include\osg\PrimitiveSet(435): message : 查看对正在编译的 类 模板 实例化“osg::MixinVector<GLushort>”的引用 (编译源文件 wireandpoint\PointIntersector.cpp)
C:\Program Files (x86)\Microsoft Visual Studio\2019\Community\VC\Tools\MSVC\14.23.28105\include\vector(1212,1): warning C4530: 使用了 C++ 异常处理程序，但未启用展开语义。请指定 /EHsc (编译源文件 wireandpoint\SVMData.cpp)
C:\Program Files (x86)\Microsoft Visual Studio\2019\Community\VC\Tools\MSVC\14.23.28105\include\vector(1202): message : 在编译 类 模板 成员函数“void std::vector<ValueT,std::allocator<_Ty>>::_Reallocate_exactly(const unsigned __int64)”时
C:\Program Files (x86)\Microsoft Visual Studio\2019\Community\VC\Tools\MSVC\14.23.28105\include\vector(1202): message :         with
C:\Program Files (x86)\Microsoft Visual Studio\2019\Community\VC\Tools\MSVC\14.23.28105\include\vector(1202): message :         [
C:\Program Files (x86)\Microsoft Visual Studio\2019\Community\VC\Tools\MSVC\14.23.28105\include\vector(1202): message :             ValueT=GLushort,
C:\Program Files (x86)\Microsoft Visual Studio\2019\Community\VC\Tools\MSVC\14.23.28105\include\vector(1202): message :             _Ty=GLushort
C:\Program Files (x86)\Microsoft Visual Studio\2019\Community\VC\Tools\MSVC\14.23.28105\include\vector(1202): message :         ] (编译源文件 wireandpoint\SVMData.cpp)
C:\Program Files (x86)\Microsoft Visual Studio\2019\Community\VC\Tools\MSVC\14.23.28105\include\vector(1262): message : 查看对正在编译的函数 模板 实例化“void std::vector<ValueT,std::allocator<_Ty>>::_Reallocate_exactly(const unsigned __int64)”的引用
C:\Program Files (x86)\Microsoft Visual Studio\2019\Community\VC\Tools\MSVC\14.23.28105\include\vector(1262): message :         with
C:\Program Files (x86)\Microsoft Visual Studio\2019\Community\VC\Tools\MSVC\14.23.28105\include\vector(1262): message :         [
C:\Program Files (x86)\Microsoft Visual Studio\2019\Community\VC\Tools\MSVC\14.23.28105\include\vector(1262): message :             ValueT=GLushort,
C:\Program Files (x86)\Microsoft Visual Studio\2019\Community\VC\Tools\MSVC\14.23.28105\include\vector(1262): message :             _Ty=GLushort
C:\Program Files (x86)\Microsoft Visual Studio\2019\Community\VC\Tools\MSVC\14.23.28105\include\vector(1262): message :         ] (编译源文件 wireandpoint\SVMData.cpp)
D:\my\sunxun\osg3.4.1\OpenSceneGraph\OpenSceneGraph-3.6.5-VC2019-64-Release\include\osg\MixinVector(32): message : 查看对正在编译的 类 模板 实例化“std::vector<ValueT,std::allocator<_Ty>>”的引用
D:\my\sunxun\osg3.4.1\OpenSceneGraph\OpenSceneGraph-3.6.5-VC2019-64-Release\include\osg\MixinVector(32): message :         with
D:\my\sunxun\osg3.4.1\OpenSceneGraph\OpenSceneGraph-3.6.5-VC2019-64-Release\include\osg\MixinVector(32): message :         [
D:\my\sunxun\osg3.4.1\OpenSceneGraph\OpenSceneGraph-3.6.5-VC2019-64-Release\include\osg\MixinVector(32): message :             ValueT=GLushort,
D:\my\sunxun\osg3.4.1\OpenSceneGraph\OpenSceneGraph-3.6.5-VC2019-64-Release\include\osg\MixinVector(32): message :             _Ty=GLushort
D:\my\sunxun\osg3.4.1\OpenSceneGraph\OpenSceneGraph-3.6.5-VC2019-64-Release\include\osg\MixinVector(32): message :         ] (编译源文件 wireandpoint\SVMData.cpp)
D:\my\sunxun\osg3.4.1\OpenSceneGraph\OpenSceneGraph-3.6.5-VC2019-64-Release\include\osg\PrimitiveSet(435): message : 查看对正在编译的 类 模板 实例化“osg::MixinVector<GLushort>”的引用 (编译源文件 wireandpoint\SVMData.cpp)
C:\Program Files (x86)\Microsoft Visual Studio\2019\Community\VC\Tools\MSVC\14.23.28105\include\ostream(379,1): warning C4530: 使用了 C++ 异常处理程序，但未启用展开语义。请指定 /EHsc (编译源文件 wireandpoint\VirtualPlaneIntersector.cpp)
C:\Program Files (x86)\Microsoft Visual Studio\2019\Community\VC\Tools\MSVC\14.23.28105\include\ostream(372): message : 在编译 类 模板 成员函数“std::basic_ostream<char,std::char_traits<char>> &std::basic_ostream<char,std::char_traits<char>>::operator <<(unsigned __int64)”时 (编译源文件 wireandpoint\VirtualPlaneIntersector.cpp)
D:\my\sunxun\osg3.4.1\OpenSceneGraph\OpenSceneGraph-3.6.5-VC2019-64-Release\include\osgUtil\CullVisitor(469): message : 查看对正在编译的函数 模板 实例化“std::basic_ostream<char,std::char_traits<char>> &std::basic_ostream<char,std::char_traits<char>>::operator <<(unsigned __int64)”的引用 (编译源文件 wireandpoint\VirtualPlaneIntersector.cpp)
D:\my\sunxun\osg3.4.1\OpenSceneGraph\OpenSceneGraph-3.6.5-VC2019-64-Release\include\osgViewer\GraphicsWindow(69): message : 查看对正在编译的 类 模板 实例化“std::basic_ostream<char,std::char_traits<char>>”的引用 (编译源文件 wireandpoint\VirtualPlaneIntersector.cpp)
  qrc_image.cpp
  moc_qimageviewer.cpp
  moc_qabout.cpp
  moc_osgqt.cpp
  moc_mytreewidget.cpp
  moc_mainwindow.cpp
D:\MATLAB\R2017a\extern\include\mclcppclass.h(458,24): warning C4100: “num_indices”: 未引用的形参 (编译源文件 GeneratedFiles\Release\moc_osgqt.cpp)
D:\MATLAB\R2017a\extern\include\mclcppclass.h(462,24): warning C4100: “num_indices”: 未引用的形参 (编译源文件 GeneratedFiles\Release\moc_osgqt.cpp)
D:\MATLAB\R2017a\extern\include\mclcppclass.h(466,24): warning C4100: “num_indices”: 未引用的形参 (编译源文件 GeneratedFiles\Release\moc_osgqt.cpp)
D:\MATLAB\R2017a\extern\include\mclcppclass.h(470,24): warning C4100: “num_indices”: 未引用的形参 (编译源文件 GeneratedFiles\Release\moc_osgqt.cpp)
D:\MATLAB\R2017a\extern\include\mclcppclass.h(474,24): warning C4100: “num_indices”: 未引用的形参 (编译源文件 GeneratedFiles\Release\moc_osgqt.cpp)
D:\MATLAB\R2017a\extern\include\mclcppclass.h(478,24): warning C4100: “num_indices”: 未引用的形参 (编译源文件 GeneratedFiles\Release\moc_osgqt.cpp)
D:\MATLAB\R2017a\extern\include\mclcppclass.h(482,24): warning C4100: “num_indices”: 未引用的形参 (编译源文件 GeneratedFiles\Release\moc_osgqt.cpp)
D:\MATLAB\R2017a\extern\include\mclcppclass.h(486,24): warning C4100: “num_indices”: 未引用的形参 (编译源文件 GeneratedFiles\Release\moc_osgqt.cpp)
D:\MATLAB\R2017a\extern\include\mclcppclass.h(490,24): warning C4100: “num_indices”: 未引用的形参 (编译源文件 GeneratedFiles\Release\moc_osgqt.cpp)
D:\MATLAB\R2017a\extern\include\mclcppclass.h(494,24): warning C4100: “num_indices”: 未引用的形参 (编译源文件 GeneratedFiles\Release\moc_osgqt.cpp)
D:\MATLAB\R2017a\extern\include\mclcppclass.h(498,24): warning C4100: “num_indices”: 未引用的形参 (编译源文件 GeneratedFiles\Release\moc_osgqt.cpp)
D:\MATLAB\R2017a\extern\include\mclcppclass.h(502,24): warning C4100: “num_indices”: 未引用的形参 (编译源文件 GeneratedFiles\Release\moc_osgqt.cpp)
D:\MATLAB\R2017a\extern\include\mclcppclass.h(506,24): warning C4100: “num_indices”: 未引用的形参 (编译源文件 GeneratedFiles\Release\moc_osgqt.cpp)
D:\MATLAB\R2017a\extern\include\mclcppclass.h(510,24): warning C4100: “num_indices”: 未引用的形参 (编译源文件 GeneratedFiles\Release\moc_osgqt.cpp)
D:\MATLAB\R2017a\extern\include\mclcppclass.h(514,24): warning C4100: “num_indices”: 未引用的形参 (编译源文件 GeneratedFiles\Release\moc_osgqt.cpp)
D:\MATLAB\R2017a\extern\include\mclcppclass.h(518,24): warning C4100: “num_indices”: 未引用的形参 (编译源文件 GeneratedFiles\Release\moc_osgqt.cpp)
D:\MATLAB\R2017a\extern\include\mclcppclass.h(522,24): warning C4100: “num_indices”: 未引用的形参 (编译源文件 GeneratedFiles\Release\moc_osgqt.cpp)
D:\MATLAB\R2017a\extern\include\mclcppclass.h(526,24): warning C4100: “num_indices”: 未引用的形参 (编译源文件 GeneratedFiles\Release\moc_osgqt.cpp)
D:\MATLAB\R2017a\extern\include\mclcppclass.h(530,24): warning C4100: “num_indices”: 未引用的形参 (编译源文件 GeneratedFiles\Release\moc_osgqt.cpp)
D:\MATLAB\R2017a\extern\include\mclcppclass.h(534,24): warning C4100: “num_indices”: 未引用的形参 (编译源文件 GeneratedFiles\Release\moc_osgqt.cpp)
D:\MATLAB\R2017a\extern\include\mclcppclass.h(538,24): warning C4100: “num_indices”: 未引用的形参 (编译源文件 GeneratedFiles\Release\moc_osgqt.cpp)
D:\MATLAB\R2017a\extern\include\mclcppclass.h(542,24): warning C4100: “num_indices”: 未引用的形参 (编译源文件 GeneratedFiles\Release\moc_osgqt.cpp)
D:\MATLAB\R2017a\extern\include\mclcppclass.h(546,24): warning C4100: “num_indices”: 未引用的形参 (编译源文件 GeneratedFiles\Release\moc_osgqt.cpp)
D:\MATLAB\R2017a\extern\include\mclcppclass.h(550,24): warning C4100: “num_indices”: 未引用的形参 (编译源文件 GeneratedFiles\Release\moc_osgqt.cpp)
D:\MATLAB\R2017a\extern\include\mclcppclass.h(554,24): warning C4100: “num_indices”: 未引用的形参 (编译源文件 GeneratedFiles\Release\moc_osgqt.cpp)
D:\MATLAB\R2017a\extern\include\mclcppclass.h(558,24): warning C4100: “num_indices”: 未引用的形参 (编译源文件 GeneratedFiles\Release\moc_osgqt.cpp)
D:\MATLAB\R2017a\extern\include\mclcppclass.h(562,24): warning C4100: “num_indices”: 未引用的形参 (编译源文件 GeneratedFiles\Release\moc_osgqt.cpp)
D:\MATLAB\R2017a\extern\include\mclcppclass.h(566,24): warning C4100: “num_indices”: 未引用的形参 (编译源文件 GeneratedFiles\Release\moc_osgqt.cpp)
D:\MATLAB\R2017a\extern\include\mclcppclass.h(570,24): warning C4100: “num_indices”: 未引用的形参 (编译源文件 GeneratedFiles\Release\moc_osgqt.cpp)
D:\MATLAB\R2017a\extern\include\mclcppclass.h(574,24): warning C4100: “num_indices”: 未引用的形参 (编译源文件 GeneratedFiles\Release\moc_osgqt.cpp)
D:\MATLAB\R2017a\extern\include\mclcppclass.h(578,24): warning C4100: “num_indices”: 未引用的形参 (编译源文件 GeneratedFiles\Release\moc_osgqt.cpp)
D:\MATLAB\R2017a\extern\include\mclcppclass.h(582,24): warning C4100: “num_indices”: 未引用的形参 (编译源文件 GeneratedFiles\Release\moc_osgqt.cpp)
D:\MATLAB\R2017a\extern\include\mclcppclass.h(586,30): warning C4100: “num_indices”: 未引用的形参 (编译源文件 GeneratedFiles\Release\moc_osgqt.cpp)
D:\MATLAB\R2017a\extern\include\mclcppclass.h(590,30): warning C4100: “num_indices”: 未引用的形参 (编译源文件 GeneratedFiles\Release\moc_osgqt.cpp)
D:\MATLAB\R2017a\extern\include\mclcppclass.h(594,30): warning C4100: “num_indices”: 未引用的形参 (编译源文件 GeneratedFiles\Release\moc_osgqt.cpp)
D:\MATLAB\R2017a\extern\include\mclcppclass.h(598,30): warning C4100: “num_indices”: 未引用的形参 (编译源文件 GeneratedFiles\Release\moc_osgqt.cpp)
D:\MATLAB\R2017a\extern\include\mclcppclass.h(602,30): warning C4100: “num_indices”: 未引用的形参 (编译源文件 GeneratedFiles\Release\moc_osgqt.cpp)
D:\MATLAB\R2017a\extern\include\mclcppclass.h(606,30): warning C4100: “num_indices”: 未引用的形参 (编译源文件 GeneratedFiles\Release\moc_osgqt.cpp)
D:\MATLAB\R2017a\extern\include\mclcppclass.h(610,30): warning C4100: “num_indices”: 未引用的形参 (编译源文件 GeneratedFiles\Release\moc_osgqt.cpp)
D:\MATLAB\R2017a\extern\include\mclcppclass.h(614,30): warning C4100: “num_indices”: 未引用的形参 (编译源文件 GeneratedFiles\Release\moc_osgqt.cpp)
D:\MATLAB\R2017a\extern\include\mclcppclass.h(618,30): warning C4100: “num_indices”: 未引用的形参 (编译源文件 GeneratedFiles\Release\moc_osgqt.cpp)
D:\MATLAB\R2017a\extern\include\mclcppclass.h(622,30): warning C4100: “num_indices”: 未引用的形参 (编译源文件 GeneratedFiles\Release\moc_osgqt.cpp)
D:\MATLAB\R2017a\extern\include\mclcppclass.h(626,30): warning C4100: “num_indices”: 未引用的形参 (编译源文件 GeneratedFiles\Release\moc_osgqt.cpp)
D:\MATLAB\R2017a\extern\include\mclcppclass.h(630,30): warning C4100: “num_indices”: 未引用的形参 (编译源文件 GeneratedFiles\Release\moc_osgqt.cpp)
D:\MATLAB\R2017a\extern\include\mclcppclass.h(634,30): warning C4100: “num_indices”: 未引用的形参 (编译源文件 GeneratedFiles\Release\moc_osgqt.cpp)
D:\MATLAB\R2017a\extern\include\mclcppclass.h(638,30): warning C4100: “num_indices”: 未引用的形参 (编译源文件 GeneratedFiles\Release\moc_osgqt.cpp)
D:\MATLAB\R2017a\extern\include\mclcppclass.h(642,30): warning C4100: “num_indices”: 未引用的形参 (编译源文件 GeneratedFiles\Release\moc_osgqt.cpp)
D:\MATLAB\R2017a\extern\include\mclcppclass.h(646,30): warning C4100: “num_indices”: 未引用的形参 (编译源文件 GeneratedFiles\Release\moc_osgqt.cpp)
D:\MATLAB\R2017a\extern\include\mclcppclass.h(650,30): warning C4100: “num_indices”: 未引用的形参 (编译源文件 GeneratedFiles\Release\moc_osgqt.cpp)
D:\MATLAB\R2017a\extern\include\mclcppclass.h(654,30): warning C4100: “num_indices”: 未引用的形参 (编译源文件 GeneratedFiles\Release\moc_osgqt.cpp)
D:\MATLAB\R2017a\extern\include\mclcppclass.h(658,30): warning C4100: “num_indices”: 未引用的形参 (编译源文件 GeneratedFiles\Release\moc_osgqt.cpp)
D:\MATLAB\R2017a\extern\include\mclcppclass.h(662,30): warning C4100: “num_indices”: 未引用的形参 (编译源文件 GeneratedFiles\Release\moc_osgqt.cpp)
D:\MATLAB\R2017a\extern\include\mclcppclass.h(666,30): warning C4100: “num_indices”: 未引用的形参 (编译源文件 GeneratedFiles\Release\moc_osgqt.cpp)
D:\MATLAB\R2017a\extern\include\mclcppclass.h(670,30): warning C4100: “num_indices”: 未引用的形参 (编译源文件 GeneratedFiles\Release\moc_osgqt.cpp)
D:\MATLAB\R2017a\extern\include\mclcppclass.h(674,30): warning C4100: “num_indices”: 未引用的形参 (编译源文件 GeneratedFiles\Release\moc_osgqt.cpp)
D:\MATLAB\R2017a\extern\include\mclcppclass.h(678,30): warning C4100: “num_indices”: 未引用的形参 (编译源文件 GeneratedFiles\Release\moc_osgqt.cpp)
D:\MATLAB\R2017a\extern\include\mclcppclass.h(682,30): warning C4100: “num_indices”: 未引用的形参 (编译源文件 GeneratedFiles\Release\moc_osgqt.cpp)
D:\MATLAB\R2017a\extern\include\mclcppclass.h(686,30): warning C4100: “num_indices”: 未引用的形参 (编译源文件 GeneratedFiles\Release\moc_osgqt.cpp)
D:\MATLAB\R2017a\extern\include\mclcppclass.h(690,30): warning C4100: “num_indices”: 未引用的形参 (编译源文件 GeneratedFiles\Release\moc_osgqt.cpp)
D:\MATLAB\R2017a\extern\include\mclcppclass.h(694,30): warning C4100: “num_indices”: 未引用的形参 (编译源文件 GeneratedFiles\Release\moc_osgqt.cpp)
D:\MATLAB\R2017a\extern\include\mclcppclass.h(698,30): warning C4100: “num_indices”: 未引用的形参 (编译源文件 GeneratedFiles\Release\moc_osgqt.cpp)
D:\MATLAB\R2017a\extern\include\mclcppclass.h(702,30): warning C4100: “num_indices”: 未引用的形参 (编译源文件 GeneratedFiles\Release\moc_osgqt.cpp)
D:\MATLAB\R2017a\extern\include\mclcppclass.h(706,30): warning C4100: “num_indices”: 未引用的形参 (编译源文件 GeneratedFiles\Release\moc_osgqt.cpp)
D:\MATLAB\R2017a\extern\include\mclcppclass.h(710,30): warning C4100: “num_indices”: 未引用的形参 (编译源文件 GeneratedFiles\Release\moc_osgqt.cpp)
D:\MATLAB\R2017a\extern\include\mclcppclass.h(734,42): warning C4100: “num_indices”: 未引用的形参 (编译源文件 GeneratedFiles\Release\moc_osgqt.cpp)
D:\MATLAB\R2017a\extern\include\mclcppclass.h(738,42): warning C4100: “num_indices”: 未引用的形参 (编译源文件 GeneratedFiles\Release\moc_osgqt.cpp)
D:\MATLAB\R2017a\extern\include\mclcppclass.h(742,42): warning C4100: “num_indices”: 未引用的形参 (编译源文件 GeneratedFiles\Release\moc_osgqt.cpp)
D:\MATLAB\R2017a\extern\include\mclcppclass.h(746,42): warning C4100: “num_indices”: 未引用的形参 (编译源文件 GeneratedFiles\Release\moc_osgqt.cpp)
D:\MATLAB\R2017a\extern\include\mclcppclass.h(750,42): warning C4100: “num_indices”: 未引用的形参 (编译源文件 GeneratedFiles\Release\moc_osgqt.cpp)
D:\MATLAB\R2017a\extern\include\mclcppclass.h(754,42): warning C4100: “num_indices”: 未引用的形参 (编译源文件 GeneratedFiles\Release\moc_osgqt.cpp)
D:\MATLAB\R2017a\extern\include\mclcppclass.h(758,42): warning C4100: “num_indices”: 未引用的形参 (编译源文件 GeneratedFiles\Release\moc_osgqt.cpp)
D:\MATLAB\R2017a\extern\include\mclcppclass.h(762,42): warning C4100: “num_indices”: 未引用的形参 (编译源文件 GeneratedFiles\Release\moc_osgqt.cpp)
D:\MATLAB\R2017a\extern\include\mclcppclass.h(766,42): warning C4100: “num_indices”: 未引用的形参 (编译源文件 GeneratedFiles\Release\moc_osgqt.cpp)
D:\MATLAB\R2017a\extern\include\mclcppclass.h(770,42): warning C4100: “num_indices”: 未引用的形参 (编译源文件 GeneratedFiles\Release\moc_osgqt.cpp)
D:\MATLAB\R2017a\extern\include\mclcppclass.h(774,42): warning C4100: “num_indices”: 未引用的形参 (编译源文件 GeneratedFiles\Release\moc_osgqt.cpp)
D:\MATLAB\R2017a\extern\include\mclcppclass.h(778,42): warning C4100: “num_indices”: 未引用的形参 (编译源文件 GeneratedFiles\Release\moc_osgqt.cpp)
D:\MATLAB\R2017a\extern\include\mclcppclass.h(782,42): warning C4100: “num_indices”: 未引用的形参 (编译源文件 GeneratedFiles\Release\moc_osgqt.cpp)
D:\MATLAB\R2017a\extern\include\mclcppclass.h(786,42): warning C4100: “num_indices”: 未引用的形参 (编译源文件 GeneratedFiles\Release\moc_osgqt.cpp)
D:\MATLAB\R2017a\extern\include\mclcppclass.h(790,42): warning C4100: “num_indices”: 未引用的形参 (编译源文件 GeneratedFiles\Release\moc_osgqt.cpp)
D:\MATLAB\R2017a\extern\include\mclcppclass.h(794,42): warning C4100: “num_indices”: 未引用的形参 (编译源文件 GeneratedFiles\Release\moc_osgqt.cpp)
D:\MATLAB\R2017a\extern\include\mclcppclass.h(798,42): warning C4100: “num_indices”: 未引用的形参 (编译源文件 GeneratedFiles\Release\moc_osgqt.cpp)
D:\MATLAB\R2017a\extern\include\mclcppclass.h(802,42): warning C4100: “num_indices”: 未引用的形参 (编译源文件 GeneratedFiles\Release\moc_osgqt.cpp)
D:\MATLAB\R2017a\extern\include\mclcppclass.h(806,42): warning C4100: “num_indices”: 未引用的形参 (编译源文件 GeneratedFiles\Release\moc_osgqt.cpp)
D:\MATLAB\R2017a\extern\include\mclcppclass.h(810,42): warning C4100: “num_indices”: 未引用的形参 (编译源文件 GeneratedFiles\Release\moc_osgqt.cpp)
D:\MATLAB\R2017a\extern\include\mclcppclass.h(814,42): warning C4100: “num_indices”: 未引用的形参 (编译源文件 GeneratedFiles\Release\moc_osgqt.cpp)
D:\MATLAB\R2017a\extern\include\mclcppclass.h(818,42): warning C4100: “num_indices”: 未引用的形参 (编译源文件 GeneratedFiles\Release\moc_osgqt.cpp)
D:\MATLAB\R2017a\extern\include\mclcppclass.h(822,42): warning C4100: “num_indices”: 未引用的形参 (编译源文件 GeneratedFiles\Release\moc_osgqt.cpp)
D:\MATLAB\R2017a\extern\include\mclcppclass.h(826,42): warning C4100: “num_indices”: 未引用的形参 (编译源文件 GeneratedFiles\Release\moc_osgqt.cpp)
D:\MATLAB\R2017a\extern\include\mclcppclass.h(830,42): warning C4100: “num_indices”: 未引用的形参 (编译源文件 GeneratedFiles\Release\moc_osgqt.cpp)
D:\MATLAB\R2017a\extern\include\mclcppclass.h(834,42): warning C4100: “num_indices”: 未引用的形参 (编译源文件 GeneratedFiles\Release\moc_osgqt.cpp)
D:\MATLAB\R2017a\extern\include\mclcppclass.h(838,42): warning C4100: “num_indices”: 未引用的形参 (编译源文件 GeneratedFiles\Release\moc_osgqt.cpp)
D:\MATLAB\R2017a\extern\include\mclcppclass.h(842,42): warning C4100: “num_indices”: 未引用的形参 (编译源文件 GeneratedFiles\Release\moc_osgqt.cpp)
D:\MATLAB\R2017a\extern\include\mclcppclass.h(846,42): warning C4100: “num_indices”: 未引用的形参 (编译源文件 GeneratedFiles\Release\moc_osgqt.cpp)
D:\MATLAB\R2017a\extern\include\mclcppclass.h(850,42): warning C4100: “num_indices”: 未引用的形参 (编译源文件 GeneratedFiles\Release\moc_osgqt.cpp)
D:\MATLAB\R2017a\extern\include\mclcppclass.h(854,42): warning C4100: “num_indices”: 未引用的形参 (编译源文件 GeneratedFiles\Release\moc_osgqt.cpp)
D:\MATLAB\R2017a\extern\include\mclcppclass.h(858,42): warning C4100: “num_indices”: 未引用的形参 (编译源文件 GeneratedFiles\Release\moc_osgqt.cpp)
D:\MATLAB\R2017a\extern\include\mclcppclass.h(862,48): warning C4100: “num_indices”: 未引用的形参 (编译源文件 GeneratedFiles\Release\moc_osgqt.cpp)
D:\MATLAB\R2017a\extern\include\mclcppclass.h(866,48): warning C4100: “num_indices”: 未引用的形参 (编译源文件 GeneratedFiles\Release\moc_osgqt.cpp)
D:\MATLAB\R2017a\extern\include\mclcppclass.h(870,48): warning C4100: “num_indices”: 未引用的形参 (编译源文件 GeneratedFiles\Release\moc_osgqt.cpp)
D:\MATLAB\R2017a\extern\include\mclcppclass.h(874,48): warning C4100: “num_indices”: 未引用的形参 (编译源文件 GeneratedFiles\Release\moc_osgqt.cpp)
D:\MATLAB\R2017a\extern\include\mclcppclass.h(878,48): warning C4100: “num_indices”: 未引用的形参 (编译源文件 GeneratedFiles\Release\moc_osgqt.cpp)
D:\MATLAB\R2017a\extern\include\mclcppclass.h(882,48): warning C4100: “num_indices”: 未引用的形参 (编译源文件 GeneratedFiles\Release\moc_osgqt.cpp)
D:\MATLAB\R2017a\extern\include\mclcppclass.h(886,48): warning C4100: “num_indices”: 未引用的形参 (编译源文件 GeneratedFiles\Release\moc_osgqt.cpp)
D:\MATLAB\R2017a\extern\include\mclcppclass.h(890,48): warning C4100: “num_indices”: 未引用的形参 (编译源文件 GeneratedFiles\Release\moc_osgqt.cpp)
D:\MATLAB\R2017a\extern\include\mclcppclass.h(894,48): warning C4100: “num_indices”: 未引用的形参 (编译源文件 GeneratedFiles\Release\moc_osgqt.cpp)
D:\MATLAB\R2017a\extern\include\mclcppclass.h(898,48): warning C4100: “num_indices”: 未引用的形参 (编译源文件 GeneratedFiles\Release\moc_osgqt.cpp)
D:\MATLAB\R2017a\extern\include\mclcppclass.h(902,48): warning C4100: “num_indices”: 未引用的形参 (编译源文件 GeneratedFiles\Release\moc_osgqt.cpp)
D:\MATLAB\R2017a\extern\include\mclcppclass.h(906,48): warning C4100: “num_indices”: 未引用的形参 (编译源文件 GeneratedFiles\Release\moc_osgqt.cpp)
D:\MATLAB\R2017a\extern\include\mclcppclass.h(910,48): warning C4100: “num_indices”: 未引用的形参 (编译源文件 GeneratedFiles\Release\moc_osgqt.cpp)
D:\MATLAB\R2017a\extern\include\mclcppclass.h(914,48): warning C4100: “num_indices”: 未引用的形参 (编译源文件 GeneratedFiles\Release\moc_osgqt.cpp)
D:\MATLAB\R2017a\extern\include\mclcppclass.h(918,48): warning C4100: “num_indices”: 未引用的形参 (编译源文件 GeneratedFiles\Release\moc_osgqt.cpp)
D:\MATLAB\R2017a\extern\include\mclcppclass.h(922,48): warning C4100: “num_indices”: 未引用的形参 (编译源文件 GeneratedFiles\Release\moc_osgqt.cpp)
D:\MATLAB\R2017a\extern\include\mclcppclass.h(926,48): warning C4100: “num_indices”: 未引用的形参 (编译源文件 GeneratedFiles\Release\moc_osgqt.cpp)
D:\MATLAB\R2017a\extern\include\mclcppclass.h(930,48): warning C4100: “num_indices”: 未引用的形参 (编译源文件 GeneratedFiles\Release\moc_osgqt.cpp)
D:\MATLAB\R2017a\extern\include\mclcppclass.h(934,48): warning C4100: “num_indices”: 未引用的形参 (编译源文件 GeneratedFiles\Release\moc_osgqt.cpp)
D:\MATLAB\R2017a\extern\include\mclcppclass.h(938,48): warning C4100: “num_indices”: 未引用的形参 (编译源文件 GeneratedFiles\Release\moc_osgqt.cpp)
D:\MATLAB\R2017a\extern\include\mclcppclass.h(942,48): warning C4100: “num_indices”: 未引用的形参 (编译源文件 GeneratedFiles\Release\moc_osgqt.cpp)
D:\MATLAB\R2017a\extern\include\mclcppclass.h(946,48): warning C4100: “num_indices”: 未引用的形参 (编译源文件 GeneratedFiles\Release\moc_osgqt.cpp)
D:\MATLAB\R2017a\extern\include\mclcppclass.h(950,48): warning C4100: “num_indices”: 未引用的形参 (编译源文件 GeneratedFiles\Release\moc_osgqt.cpp)
D:\MATLAB\R2017a\extern\include\mclcppclass.h(954,48): warning C4100: “num_indices”: 未引用的形参 (编译源文件 GeneratedFiles\Release\moc_osgqt.cpp)
D:\MATLAB\R2017a\extern\include\mclcppclass.h(958,48): warning C4100: “num_indices”: 未引用的形参 (编译源文件 GeneratedFiles\Release\moc_osgqt.cpp)
D:\MATLAB\R2017a\extern\include\mclcppclass.h(962,48): warning C4100: “num_indices”: 未引用的形参 (编译源文件 GeneratedFiles\Release\moc_osgqt.cpp)
D:\MATLAB\R2017a\extern\include\mclcppclass.h(966,48): warning C4100: “num_indices”: 未引用的形参 (编译源文件 GeneratedFiles\Release\moc_osgqt.cpp)
D:\MATLAB\R2017a\extern\include\mclcppclass.h(970,48): warning C4100: “num_indices”: 未引用的形参 (编译源文件 GeneratedFiles\Release\moc_osgqt.cpp)
D:\MATLAB\R2017a\extern\include\mclcppclass.h(974,48): warning C4100: “num_indices”: 未引用的形参 (编译源文件 GeneratedFiles\Release\moc_osgqt.cpp)
D:\MATLAB\R2017a\extern\include\mclcppclass.h(978,48): warning C4100: “num_indices”: 未引用的形参 (编译源文件 GeneratedFiles\Release\moc_osgqt.cpp)
D:\MATLAB\R2017a\extern\include\mclcppclass.h(982,48): warning C4100: “num_indices”: 未引用的形参 (编译源文件 GeneratedFiles\Release\moc_osgqt.cpp)
D:\MATLAB\R2017a\extern\include\mclcppclass.h(986,48): warning C4100: “num_indices”: 未引用的形参 (编译源文件 GeneratedFiles\Release\moc_osgqt.cpp)
D:\my\sunxun\osgqt_zaojiayong\osgqt.h(115,11): warning C4189: “xcur_rad”: 局部变量已初始化但不引用 (编译源文件 GeneratedFiles\Release\moc_osgqt.cpp)
D:\my\sunxun\osgqt_zaojiayong\osgqt.h(112,11): warning C4189: “xani_range”: 局部变量已初始化但不引用 (编译源文件 GeneratedFiles\Release\moc_osgqt.cpp)
D:\my\sunxun\osgqt_zaojiayong\osgqt.h(114,11): warning C4189: “zani_range”: 局部变量已初始化但不引用 (编译源文件 GeneratedFiles\Release\moc_osgqt.cpp)
D:\my\sunxun\osgqt_zaojiayong\osgqt.h(117,11): warning C4189: “zcur_rad”: 局部变量已初始化但不引用 (编译源文件 GeneratedFiles\Release\moc_osgqt.cpp)
D:\my\sunxun\osgqt_zaojiayong\osgqt.h(142,11): warning C4189: “zani_range”: 局部变量已初始化但不引用 (编译源文件 GeneratedFiles\Release\moc_osgqt.cpp)
D:\my\sunxun\osgqt_zaojiayong\osgqt.h(141,11): warning C4189: “yani_range”: 局部变量已初始化但不引用 (编译源文件 GeneratedFiles\Release\moc_osgqt.cpp)
D:\my\sunxun\osgqt_zaojiayong\osgqt.h(144,11): warning C4189: “ycur_rad”: 局部变量已初始化但不引用 (编译源文件 GeneratedFiles\Release\moc_osgqt.cpp)
D:\my\sunxun\osgqt_zaojiayong\osgqt.h(145,11): warning C4189: “zcur_rad”: 局部变量已初始化但不引用 (编译源文件 GeneratedFiles\Release\moc_osgqt.cpp)
LIBCMT.lib(initializers.obj) : warning LNK4098: 默认库“msvcrtd.lib”与其他库的使用冲突；请使用 /NODEFAULTLIB:library
  osgqt_zaojiayong.vcxproj -> D:\my\sunxun\osgqt_zaojiayong\release\osgqt2_1.exe
