d:\my\sunxun\osgqt_zaojiayong\x64\release\moc_mytreewidget.obj
d:\my\sunxun\osgqt_zaojiayong\x64\release\moc_mainwindow.obj
d:\my\sunxun\osgqt_zaojiayong\x64\release\qrc_image.obj
d:\my\sunxun\osgqt_zaojiayong\x64\release\moc_qimageviewer.obj
d:\my\sunxun\osgqt_zaojiayong\x64\release\moc_osgqt.obj
d:\my\sunxun\osgqt_zaojiayong\x64\release\moc_qabout.obj
d:\my\sunxun\osgqt_zaojiayong\x64\release\mytreewidget.obj
d:\my\sunxun\osgqt_zaojiayong\x64\release\mytreewidget2.obj
d:\my\sunxun\osgqt_zaojiayong\x64\release\qtosgview.obj
d:\my\sunxun\osgqt_zaojiayong\x64\release\main.obj
d:\my\sunxun\osgqt_zaojiayong\x64\release\dofadder.obj
d:\my\sunxun\osgqt_zaojiayong\x64\release\dofcalculation.obj
d:\my\sunxun\osgqt_zaojiayong\x64\release\qabout.obj
d:\my\sunxun\osgqt_zaojiayong\x64\release\qimageviewer.obj
d:\my\sunxun\osgqt_zaojiayong\x64\release\qtimage2pcl.obj
d:\my\sunxun\osgqt_zaojiayong\x64\release\animationtest.obj
d:\my\sunxun\osgqt_zaojiayong\x64\release\osgqt.obj
d:\my\sunxun\osgqt_zaojiayong\x64\release\mainwindow.obj
d:\my\sunxun\osgqt_zaojiayong\release\moc_predefs.h
d:\my\sunxun\osgqt_zaojiayong\release\osgqt2_1.exe
d:\my\sunxun\osgqt_zaojiayong\.\generatedfiles\release\moc_qimageviewer.cpp
d:\my\sunxun\osgqt_zaojiayong\.\generatedfiles\release\moc_qabout.cpp
d:\my\sunxun\osgqt_zaojiayong\.\generatedfiles\release\moc_osgqt.cpp
d:\my\sunxun\osgqt_zaojiayong\.\generatedfiles\release\moc_mytreewidget.cpp
d:\my\sunxun\osgqt_zaojiayong\.\generatedfiles\release\moc_mainwindow.cpp
d:\my\sunxun\osgqt_zaojiayong\generatedfiles\ui_osgqt.h
d:\my\sunxun\osgqt_zaojiayong\generatedfiles\qrc_image.cpp
d:\my\sunxun\osgqt_zaojiayong\generatedfiles\release\moc_qimageviewer.cpp
d:\my\sunxun\osgqt_zaojiayong\generatedfiles\release\moc_qabout.cpp
d:\my\sunxun\osgqt_zaojiayong\generatedfiles\release\moc_osgqt.cpp
d:\my\sunxun\osgqt_zaojiayong\generatedfiles\release\moc_mytreewidget.cpp
d:\my\sunxun\osgqt_zaojiayong\generatedfiles\release\moc_mainwindow.cpp
d:\my\sunxun\osgqt_zaojiayong\.\generatedfiles\qrc_image.cpp
d:\my\sunxun\osgqt_zaojiayong\.\generatedfiles\ui_osgqt.h
d:\my\sunxun\osgqt_zaojiayong\x64\release\osgqt_zaojiayong.tlog\cl.12516.write.1.tlog
d:\my\sunxun\osgqt_zaojiayong\x64\release\osgqt_zaojiayong.tlog\cl.command.1.tlog
d:\my\sunxun\osgqt_zaojiayong\x64\release\osgqt_zaojiayong.tlog\cl.read.1.tlog
d:\my\sunxun\osgqt_zaojiayong\x64\release\osgqt_zaojiayong.tlog\custombuild.command.1.tlog
d:\my\sunxun\osgqt_zaojiayong\x64\release\osgqt_zaojiayong.tlog\custombuild.read.1.tlog
d:\my\sunxun\osgqt_zaojiayong\x64\release\osgqt_zaojiayong.tlog\custombuild.write.1.tlog
d:\my\sunxun\osgqt_zaojiayong\x64\release\osgqt_zaojiayong.tlog\link.command.1.tlog
d:\my\sunxun\osgqt_zaojiayong\x64\release\osgqt_zaojiayong.tlog\link.read.1.tlog
d:\my\sunxun\osgqt_zaojiayong\x64\release\osgqt_zaojiayong.tlog\link.write.1.tlog
d:\my\sunxun\osgqt_zaojiayong\x64\release\osgqt_zaojiayong.tlog\moc.read.1u.tlog
d:\my\sunxun\osgqt_zaojiayong\x64\release\osgqt_zaojiayong.tlog\moc.write.1u.tlog
d:\my\sunxun\osgqt_zaojiayong\x64\release\osgqt_zaojiayong.tlog\osgqt_zaojiayong.write.1u.tlog
d:\my\sunxun\osgqt_zaojiayong\x64\release\osgqt_zaojiayong.tlog\rcc.read.1u.tlog
d:\my\sunxun\osgqt_zaojiayong\x64\release\osgqt_zaojiayong.tlog\rcc.write.1u.tlog
d:\my\sunxun\osgqt_zaojiayong\x64\release\osgqt_zaojiayong.tlog\uic.read.1u.tlog
d:\my\sunxun\osgqt_zaojiayong\x64\release\osgqt_zaojiayong.tlog\uic.write.1u.tlog
