d:\my\sunxun\obj2pcl\x64\debug\dofadder.obj
d:\my\sunxun\obj2pcl\x64\debug\qimageviewer.obj
d:\my\sunxun\obj2pcl\x64\debug\mytreewidget2.obj
d:\my\sunxun\obj2pcl\x64\debug\animationtest.obj
d:\my\sunxun\obj2pcl\x64\debug\osgqt.obj
d:\my\sunxun\obj2pcl\x64\debug\qtosgview.obj
d:\my\sunxun\obj2pcl\x64\debug\main.obj
d:\my\sunxun\obj2pcl\x64\debug\mytreewidget.obj
d:\my\sunxun\obj2pcl\x64\debug\mainwindow.obj
d:\my\sunxun\obj2pcl\x64\debug\qabout.obj
d:\my\sunxun\obj2pcl\x64\debug\dofcalculation.obj
d:\my\sunxun\obj2pcl\x64\debug\vc142.pdb
d:\my\sunxun\obj2pcl\x64\debug\moc_mainwindow.obj
d:\my\sunxun\obj2pcl\x64\debug\moc_qabout.obj
d:\my\sunxun\obj2pcl\x64\debug\moc_osgqt.obj
d:\my\sunxun\obj2pcl\x64\debug\moc_qimageviewer.obj
d:\my\sunxun\obj2pcl\x64\debug\qrc_image.obj
d:\my\sunxun\obj2pcl\x64\debug\moc_mytreewidget.obj
d:\my\sunxun\obj2pcl\debug\moc_predefs.h
d:\my\sunxun\obj2pcl\debug\osgqt2_1.exe
d:\my\sunxun\obj2pcl\debug\osgqt2_1.ilk
d:\my\sunxun\obj2pcl\debug\osgqt2_1.pdb
d:\my\sunxun\obj2pcl\.\generatedfiles\debug\moc_qimageviewer.cpp
d:\my\sunxun\obj2pcl\.\generatedfiles\debug\moc_qabout.cpp
d:\my\sunxun\obj2pcl\.\generatedfiles\debug\moc_osgqt.cpp
d:\my\sunxun\obj2pcl\.\generatedfiles\debug\moc_mytreewidget.cpp
d:\my\sunxun\obj2pcl\.\generatedfiles\debug\moc_mainwindow.cpp
d:\my\sunxun\obj2pcl\generatedfiles\ui_osgqt.h
d:\my\sunxun\obj2pcl\generatedfiles\qrc_image.cpp
d:\my\sunxun\obj2pcl\generatedfiles\debug\moc_qimageviewer.cpp
d:\my\sunxun\obj2pcl\generatedfiles\debug\moc_qabout.cpp
d:\my\sunxun\obj2pcl\generatedfiles\debug\moc_osgqt.cpp
d:\my\sunxun\obj2pcl\generatedfiles\debug\moc_mytreewidget.cpp
d:\my\sunxun\obj2pcl\generatedfiles\debug\moc_mainwindow.cpp
d:\my\sunxun\obj2pcl\.\generatedfiles\qrc_image.cpp
d:\my\sunxun\obj2pcl\.\generatedfiles\ui_osgqt.h
d:\my\sunxun\obj2pcl\x64\debug\osgqt_zaojiayong.tlog\cl.command.1.tlog
d:\my\sunxun\obj2pcl\x64\debug\osgqt_zaojiayong.tlog\cl.read.1.tlog
d:\my\sunxun\obj2pcl\x64\debug\osgqt_zaojiayong.tlog\cl.write.1.tlog
d:\my\sunxun\obj2pcl\x64\debug\osgqt_zaojiayong.tlog\custombuild.command.1.tlog
d:\my\sunxun\obj2pcl\x64\debug\osgqt_zaojiayong.tlog\custombuild.read.1.tlog
d:\my\sunxun\obj2pcl\x64\debug\osgqt_zaojiayong.tlog\custombuild.write.1.tlog
d:\my\sunxun\obj2pcl\x64\debug\osgqt_zaojiayong.tlog\link.17564.delete.1.tlog
d:\my\sunxun\obj2pcl\x64\debug\osgqt_zaojiayong.tlog\link.28948.delete.1.tlog
d:\my\sunxun\obj2pcl\x64\debug\osgqt_zaojiayong.tlog\link.4224.delete.1.tlog
d:\my\sunxun\obj2pcl\x64\debug\osgqt_zaojiayong.tlog\link.5420.delete.1.tlog
d:\my\sunxun\obj2pcl\x64\debug\osgqt_zaojiayong.tlog\link.command.1.tlog
d:\my\sunxun\obj2pcl\x64\debug\osgqt_zaojiayong.tlog\link.read.1.tlog
d:\my\sunxun\obj2pcl\x64\debug\osgqt_zaojiayong.tlog\link.write.1.tlog
d:\my\sunxun\obj2pcl\x64\debug\osgqt_zaojiayong.tlog\moc.read.1u.tlog
d:\my\sunxun\obj2pcl\x64\debug\osgqt_zaojiayong.tlog\moc.write.1u.tlog
d:\my\sunxun\obj2pcl\x64\debug\osgqt_zaojiayong.tlog\osgqt_zaojiayong.write.1u.tlog
d:\my\sunxun\obj2pcl\x64\debug\osgqt_zaojiayong.tlog\rcc.read.1u.tlog
d:\my\sunxun\obj2pcl\x64\debug\osgqt_zaojiayong.tlog\rcc.write.1u.tlog
d:\my\sunxun\obj2pcl\x64\debug\osgqt_zaojiayong.tlog\uic.read.1u.tlog
d:\my\sunxun\obj2pcl\x64\debug\osgqt_zaojiayong.tlog\uic.write.1u.tlog
